I0216 14:46:33.611003       1 serving.go:380] Generated self-signed cert (/tmp/apiserver.crt, /tmp/apiserver.key)
I0216 14:46:34.476187       1 handler.go:288] Adding GroupVersion metrics.k8s.io v1beta1 to ResourceManager
I0216 14:46:34.597557       1 requestheader_controller.go:180] Starting RequestHeaderAuthRequestController
I0216 14:46:34.597591       1 configmap_cafile_content.go:205] "Starting controller" name="client-ca::kube-system::extension-apiserver-authentication::client-ca-file"
I0216 14:46:34.597618       1 shared_informer.go:350] "Waiting for caches to sync" controller="RequestHeaderAuthRequestController"
I0216 14:46:34.597629       1 shared_informer.go:350] "Waiting for caches to sync" controller="client-ca::kube-system::extension-apiserver-authentication::client-ca-file"
I0216 14:46:34.597675       1 configmap_cafile_content.go:205] "Starting controller" name="client-ca::kube-system::extension-apiserver-authentication::requestheader-client-ca-file"
I0216 14:46:34.597697       1 shared_informer.go:350] "Waiting for caches to sync" controller="client-ca::kube-system::extension-apiserver-authentication::requestheader-client-ca-file"
I0216 14:46:34.598329       1 dynamic_serving_content.go:135] "Starting controller" name="serving-cert::/tmp/apiserver.crt::/tmp/apiserver.key"
I0216 14:46:34.601326       1 secure_serving.go:211] Serving securely on [::]:10250
I0216 14:46:34.601439       1 tlsconfig.go:243] "Starting DynamicServingCertificateController"
I0216 14:46:34.698966       1 shared_informer.go:357] "Caches are synced" controller="RequestHeaderAuthRequestController"
I0216 14:46:34.698965       1 shared_informer.go:357] "Caches are synced" controller="client-ca::kube-system::extension-apiserver-authentication::requestheader-client-ca-file"
I0216 14:46:34.698969       1 shared_informer.go:357] "Caches are synced" controller="client-ca::kube-system::extension-apiserver-authentication::client-ca-file"
I0216 14:46:53.134806       1 server.go:192] "Failed probe" probe="metric-storage-ready" err="no metrics to serve"
I0216 14:47:03.135475       1 server.go:192] "Failed probe" probe="metric-storage-ready" err="no metrics to serve"
I0216 14:47:13.134276       1 server.go:192] "Failed probe" probe="metric-storage-ready" err="no metrics to serve"
I0216 14:47:23.148191       1 server.go:192] "Failed probe" probe="metric-storage-ready" err="no metrics to serve"
I0216 14:47:33.134767       1 server.go:192] "Failed probe" probe="metric-storage-ready" err="no metrics to serve"
I0216 14:47:58.574466       1 warnings.go:110] "Warning: unknown field \"spec.resourceAttributes.labelSelector\""
I0216 14:48:13.597072       1 warnings.go:110] "Warning: unknown field \"spec.resourceAttributes.labelSelector\""
I0216 14:48:28.604565       1 warnings.go:110] "Warning: unknown field \"spec.resourceAttributes.labelSelector\""
I0216 14:48:43.621741       1 warnings.go:110] "Warning: unknown field \"spec.resourceAttributes.labelSelector\""
I0216 14:48:58.632366       1 warnings.go:110] "Warning: unknown field \"spec.resourceAttributes.labelSelector\""
I0216 14:49:13.656379       1 warnings.go:110] "Warning: unknown field \"spec.resourceAttributes.labelSelector\""
I0216 14:49:28.666296       1 warnings.go:110] "Warning: unknown field \"spec.resourceAttributes.labelSelector\""
I0216 14:49:43.678190       1 warnings.go:110] "Warning: unknown field \"spec.resourceAttributes.labelSelector\""
I0216 14:49:58.696076       1 warnings.go:110] "Warning: unknown field \"spec.resourceAttributes.labelSelector\""
I0216 14:50:13.709044       1 warnings.go:110] "Warning: unknown field \"spec.resourceAttributes.labelSelector\""
I0216 14:50:28.716367       1 warnings.go:110] "Warning: unknown field \"spec.resourceAttributes.labelSelector\""
I0216 14:50:43.727095       1 warnings.go:110] "Warning: unknown field \"spec.resourceAttributes.labelSelector\""
I0216 14:50:58.746440       1 warnings.go:110] "Warning: unknown field \"spec.resourceAttributes.labelSelector\""
I0216 14:51:13.784138       1 warnings.go:110] "Warning: unknown field \"spec.resourceAttributes.labelSelector\""
I0216 14:51:28.803979       1 warnings.go:110] "Warning: unknown field \"spec.resourceAttributes.labelSelector\""
I0216 14:51:43.827830       1 warnings.go:110] "Warning: unknown field \"spec.resourceAttributes.labelSelector\""
I0216 14:51:58.860605       1 warnings.go:110] "Warning: unknown field \"spec.resourceAttributes.labelSelector\""
I0216 14:52:13.891442       1 warnings.go:110] "Warning: unknown field \"spec.resourceAttributes.labelSelector\""
I0216 14:52:28.901071       1 warnings.go:110] "Warning: unknown field \"spec.resourceAttributes.labelSelector\""
I0216 14:52:43.918643       1 warnings.go:110] "Warning: unknown field \"spec.resourceAttributes.labelSelector\""
I0216 14:52:58.947221       1 warnings.go:110] "Warning: unknown field \"spec.resourceAttributes.labelSelector\""
I0216 14:53:13.999506       1 warnings.go:110] "Warning: unknown field \"spec.resourceAttributes.labelSelector\""
I0216 14:53:29.023108       1 warnings.go:110] "Warning: unknown field \"spec.resourceAttributes.labelSelector\""
I0216 14:53:44.053303       1 warnings.go:110] "Warning: unknown field \"spec.resourceAttributes.labelSelector\""
I0216 14:53:59.090105       1 warnings.go:110] "Warning: unknown field \"spec.resourceAttributes.labelSelector\""
I0216 14:54:14.146990       1 warnings.go:110] "Warning: unknown field \"spec.resourceAttributes.labelSelector\""
I0216 14:54:29.171214       1 warnings.go:110] "Warning: unknown field \"spec.resourceAttributes.labelSelector\""
I0216 14:54:44.221678       1 warnings.go:110] "Warning: unknown field \"spec.resourceAttributes.labelSelector\""
I0216 14:54:59.267036       1 warnings.go:110] "Warning: unknown field \"spec.resourceAttributes.labelSelector\""
I0216 14:55:14.325892       1 warnings.go:110] "Warning: unknown field \"spec.resourceAttributes.labelSelector\""
I0216 14:55:29.342004       1 warnings.go:110] "Warning: unknown field \"spec.resourceAttributes.labelSelector\""
I0216 14:55:44.387369       1 warnings.go:110] "Warning: unknown field \"spec.resourceAttributes.labelSelector\""
I0216 14:55:59.409490       1 warnings.go:110] "Warning: unknown field \"spec.resourceAttributes.labelSelector\""
I0216 14:56:14.422694       1 warnings.go:110] "Warning: unknown field \"spec.resourceAttributes.labelSelector\""
I0216 14:56:29.450249       1 warnings.go:110] "Warning: unknown field \"spec.resourceAttributes.labelSelector\""
I0216 14:56:44.502149       1 warnings.go:110] "Warning: unknown field \"spec.resourceAttributes.labelSelector\""
I0216 14:56:59.544855       1 warnings.go:110] "Warning: unknown field \"spec.resourceAttributes.labelSelector\""
I0216 14:57:14.609689       1 warnings.go:110] "Warning: unknown field \"spec.resourceAttributes.labelSelector\""
I0216 14:57:29.646741       1 warnings.go:110] "Warning: unknown field \"spec.resourceAttributes.labelSelector\""
I0216 14:57:44.696928       1 warnings.go:110] "Warning: unknown field \"spec.resourceAttributes.labelSelector\""
I0216 14:57:59.720375       1 warnings.go:110] "Warning: unknown field \"spec.resourceAttributes.labelSelector\""
I0216 14:58:14.754107       1 warnings.go:110] "Warning: unknown field \"spec.resourceAttributes.labelSelector\""
I0216 14:58:29.795429       1 warnings.go:110] "Warning: unknown field \"spec.resourceAttributes.labelSelector\""
I0216 14:58:44.832889       1 warnings.go:110] "Warning: unknown field \"spec.resourceAttributes.labelSelector\""
I0216 14:58:59.934340       1 warnings.go:110] "Warning: unknown field \"spec.resourceAttributes.labelSelector\""
I0216 14:59:15.047321       1 warnings.go:110] "Warning: unknown field \"spec.resourceAttributes.labelSelector\""
I0216 14:59:30.459268       1 warnings.go:110] "Warning: unknown field \"spec.resourceAttributes.labelSelector\""
I0216 14:59:45.474113       1 warnings.go:110] "Warning: unknown field \"spec.resourceAttributes.labelSelector\""
I0216 15:00:00.485061       1 warnings.go:110] "Warning: unknown field \"spec.resourceAttributes.labelSelector\""
I0216 15:00:15.518598       1 warnings.go:110] "Warning: unknown field \"spec.resourceAttributes.labelSelector\""
I0216 15:00:30.538269       1 warnings.go:110] "Warning: unknown field \"spec.resourceAttributes.labelSelector\""
I0216 15:00:45.595474       1 warnings.go:110] "Warning: unknown field \"spec.resourceAttributes.labelSelector\""
I0216 15:01:00.649972       1 warnings.go:110] "Warning: unknown field \"spec.resourceAttributes.labelSelector\""
I0216 15:01:15.739859       1 warnings.go:110] "Warning: unknown field \"spec.resourceAttributes.labelSelector\""
I0216 15:01:30.819176       1 warnings.go:110] "Warning: unknown field \"spec.resourceAttributes.labelSelector\""
I0216 15:01:45.843136       1 warnings.go:110] "Warning: unknown field \"spec.resourceAttributes.labelSelector\""
I0216 15:02:00.896498       1 warnings.go:110] "Warning: unknown field \"spec.resourceAttributes.labelSelector\""
I0216 15:02:15.920876       1 warnings.go:110] "Warning: unknown field \"spec.resourceAttributes.labelSelector\""
I0216 15:02:30.941999       1 warnings.go:110] "Warning: unknown field \"spec.resourceAttributes.labelSelector\""
I0216 15:02:45.972946       1 warnings.go:110] "Warning: unknown field \"spec.resourceAttributes.labelSelector\""
I0216 15:03:00.994648       1 warnings.go:110] "Warning: unknown field \"spec.resourceAttributes.labelSelector\""
I0216 15:03:16.009189       1 warnings.go:110] "Warning: unknown field \"spec.resourceAttributes.labelSelector\""
I0216 15:03:31.024827       1 warnings.go:110] "Warning: unknown field \"spec.resourceAttributes.labelSelector\""
I0216 15:03:46.045203       1 warnings.go:110] "Warning: unknown field \"spec.resourceAttributes.labelSelector\""
I0216 15:04:01.065349       1 warnings.go:110] "Warning: unknown field \"spec.resourceAttributes.labelSelector\""
I0216 15:04:16.093386       1 warnings.go:110] "Warning: unknown field \"spec.resourceAttributes.labelSelector\""
I0216 15:04:31.116856       1 warnings.go:110] "Warning: unknown field \"spec.resourceAttributes.labelSelector\""
I0216 15:05:48.310263       1 object_count_tracker.go:151] "StorageObjectCountTracker pruner is exiting"
I0216 15:05:48.310926       1 secure_serving.go:259] Stopped listening on [::]:10250
I0216 15:05:48.310965       1 tlsconfig.go:258] "Shutting down DynamicServingCertificateController"
I0216 15:05:48.311233       1 configmap_cafile_content.go:226] "Shutting down controller" name="client-ca::kube-system::extension-apiserver-authentication::client-ca-file"
I0216 15:05:48.311354       1 configmap_cafile_content.go:226] "Shutting down controller" name="client-ca::kube-system::extension-apiserver-authentication::requestheader-client-ca-file"
I0216 15:05:48.311410       1 requestheader_controller.go:194] Shutting down RequestHeaderAuthRequestController
I0216 15:05:48.311970       1 dynamic_serving_content.go:149] "Shutting down controller" name="serving-cert::/tmp/apiserver.crt::/tmp/apiserver.key"
