I0216 15:23:15.686845       1 serving.go:380] Generated self-signed cert (/tmp/apiserver.crt, /tmp/apiserver.key)
I0216 15:23:17.430499       1 handler.go:288] Adding GroupVersion metrics.k8s.io v1beta1 to ResourceManager
I0216 15:23:17.537309       1 requestheader_controller.go:180] Starting RequestHeaderAuthRequestController
I0216 15:23:17.537318       1 configmap_cafile_content.go:205] "Starting controller" name="client-ca::kube-system::extension-apiserver-authentication::client-ca-file"
I0216 15:23:17.537314       1 configmap_cafile_content.go:205] "Starting controller" name="client-ca::kube-system::extension-apiserver-authentication::requestheader-client-ca-file"
I0216 15:23:17.537333       1 shared_informer.go:350] "Waiting for caches to sync" controller="client-ca::kube-system::extension-apiserver-authentication::client-ca-file"
I0216 15:23:17.537339       1 shared_informer.go:350] "Waiting for caches to sync" controller="client-ca::kube-system::extension-apiserver-authentication::requestheader-client-ca-file"
I0216 15:23:17.537332       1 shared_informer.go:350] "Waiting for caches to sync" controller="RequestHeaderAuthRequestController"
I0216 15:23:17.537473       1 dynamic_serving_content.go:135] "Starting controller" name="serving-cert::/tmp/apiserver.crt::/tmp/apiserver.key"
I0216 15:23:17.537825       1 secure_serving.go:211] Serving securely on [::]:10250
I0216 15:23:17.537857       1 tlsconfig.go:243] "Starting DynamicServingCertificateController"
I0216 15:23:17.637827       1 shared_informer.go:357] "Caches are synced" controller="client-ca::kube-system::extension-apiserver-authentication::client-ca-file"
I0216 15:23:17.637839       1 shared_informer.go:357] "Caches are synced" controller="RequestHeaderAuthRequestController"
I0216 15:23:17.637903       1 shared_informer.go:357] "Caches are synced" controller="client-ca::kube-system::extension-apiserver-authentication::requestheader-client-ca-file"
I0216 15:23:40.386077       1 warnings.go:110] "Warning: unknown field \"spec.resourceAttributes.labelSelector\""
I0216 15:23:49.784520       1 warnings.go:110] "Warning: unknown field \"spec.resourceAttributes.labelSelector\""
I0216 15:24:04.793562       1 warnings.go:110] "Warning: unknown field \"spec.resourceAttributes.labelSelector\""
I0216 15:24:19.811891       1 warnings.go:110] "Warning: unknown field \"spec.resourceAttributes.labelSelector\""
I0216 15:24:34.832447       1 warnings.go:110] "Warning: unknown field \"spec.resourceAttributes.labelSelector\""
I0216 15:24:49.864374       1 warnings.go:110] "Warning: unknown field \"spec.resourceAttributes.labelSelector\""
I0216 15:25:04.906121       1 warnings.go:110] "Warning: unknown field \"spec.resourceAttributes.labelSelector\""
I0216 15:25:19.928422       1 warnings.go:110] "Warning: unknown field \"spec.resourceAttributes.labelSelector\""
I0216 15:25:34.955080       1 warnings.go:110] "Warning: unknown field \"spec.resourceAttributes.labelSelector\""
I0216 15:25:49.981387       1 warnings.go:110] "Warning: unknown field \"spec.resourceAttributes.labelSelector\""
I0216 15:26:05.038968       1 warnings.go:110] "Warning: unknown field \"spec.resourceAttributes.labelSelector\""
I0216 15:26:20.063425       1 warnings.go:110] "Warning: unknown field \"spec.resourceAttributes.labelSelector\""
I0216 15:26:35.094585       1 warnings.go:110] "Warning: unknown field \"spec.resourceAttributes.labelSelector\""
I0216 15:26:50.127504       1 warnings.go:110] "Warning: unknown field \"spec.resourceAttributes.labelSelector\""
I0216 15:27:05.206288       1 warnings.go:110] "Warning: unknown field \"spec.resourceAttributes.labelSelector\""
I0216 15:27:20.255567       1 warnings.go:110] "Warning: unknown field \"spec.resourceAttributes.labelSelector\""
I0216 15:27:35.315530       1 warnings.go:110] "Warning: unknown field \"spec.resourceAttributes.labelSelector\""
I0216 15:27:50.349469       1 warnings.go:110] "Warning: unknown field \"spec.resourceAttributes.labelSelector\""
I0216 15:28:05.416342       1 warnings.go:110] "Warning: unknown field \"spec.resourceAttributes.labelSelector\""
I0216 15:28:20.436058       1 warnings.go:110] "Warning: unknown field \"spec.resourceAttributes.labelSelector\""
I0216 15:28:35.475439       1 warnings.go:110] "Warning: unknown field \"spec.resourceAttributes.labelSelector\""
I0216 15:28:50.494419       1 warnings.go:110] "Warning: unknown field \"spec.resourceAttributes.labelSelector\""
I0216 15:29:05.520242       1 warnings.go:110] "Warning: unknown field \"spec.resourceAttributes.labelSelector\""
I0216 15:29:20.538378       1 warnings.go:110] "Warning: unknown field \"spec.resourceAttributes.labelSelector\""
I0216 15:29:35.574939       1 warnings.go:110] "Warning: unknown field \"spec.resourceAttributes.labelSelector\""
I0216 15:29:50.599600       1 warnings.go:110] "Warning: unknown field \"spec.resourceAttributes.labelSelector\""
I0216 15:30:05.730631       1 warnings.go:110] "Warning: unknown field \"spec.resourceAttributes.labelSelector\""
I0216 15:30:20.769114       1 warnings.go:110] "Warning: unknown field \"spec.resourceAttributes.labelSelector\""
I0216 15:30:35.830213       1 warnings.go:110] "Warning: unknown field \"spec.resourceAttributes.labelSelector\""
I0216 15:30:50.867433       1 warnings.go:110] "Warning: unknown field \"spec.resourceAttributes.labelSelector\""
I0216 15:31:05.895849       1 warnings.go:110] "Warning: unknown field \"spec.resourceAttributes.labelSelector\""
I0216 15:31:20.920020       1 warnings.go:110] "Warning: unknown field \"spec.resourceAttributes.labelSelector\""
I0216 15:31:35.969170       1 warnings.go:110] "Warning: unknown field \"spec.resourceAttributes.labelSelector\""
I0216 15:31:51.011192       1 warnings.go:110] "Warning: unknown field \"spec.resourceAttributes.labelSelector\""
I0216 15:32:06.025037       1 warnings.go:110] "Warning: unknown field \"spec.resourceAttributes.labelSelector\""
I0216 15:32:21.034572       1 warnings.go:110] "Warning: unknown field \"spec.resourceAttributes.labelSelector\""
I0216 15:32:36.061464       1 warnings.go:110] "Warning: unknown field \"spec.resourceAttributes.labelSelector\""
I0216 15:32:51.085795       1 warnings.go:110] "Warning: unknown field \"spec.resourceAttributes.labelSelector\""
I0216 15:33:06.127179       1 warnings.go:110] "Warning: unknown field \"spec.resourceAttributes.labelSelector\""
I0216 15:33:21.160107       1 warnings.go:110] "Warning: unknown field \"spec.resourceAttributes.labelSelector\""
I0216 15:33:36.193673       1 warnings.go:110] "Warning: unknown field \"spec.resourceAttributes.labelSelector\""
I0216 15:33:51.220589       1 warnings.go:110] "Warning: unknown field \"spec.resourceAttributes.labelSelector\""
I0216 15:34:06.249971       1 warnings.go:110] "Warning: unknown field \"spec.resourceAttributes.labelSelector\""
I0216 15:34:21.279079       1 warnings.go:110] "Warning: unknown field \"spec.resourceAttributes.labelSelector\""
I0216 15:34:36.324620       1 warnings.go:110] "Warning: unknown field \"spec.resourceAttributes.labelSelector\""
I0216 15:34:51.350978       1 warnings.go:110] "Warning: unknown field \"spec.resourceAttributes.labelSelector\""
I0216 15:35:06.380449       1 warnings.go:110] "Warning: unknown field \"spec.resourceAttributes.labelSelector\""
I0216 15:35:21.405877       1 warnings.go:110] "Warning: unknown field \"spec.resourceAttributes.labelSelector\""
I0216 15:35:36.422463       1 warnings.go:110] "Warning: unknown field \"spec.resourceAttributes.labelSelector\""
I0216 15:35:51.431681       1 warnings.go:110] "Warning: unknown field \"spec.resourceAttributes.labelSelector\""
I0216 15:36:06.454695       1 warnings.go:110] "Warning: unknown field \"spec.resourceAttributes.labelSelector\""
I0216 15:36:21.472454       1 warnings.go:110] "Warning: unknown field \"spec.resourceAttributes.labelSelector\""
I0216 15:36:36.503326       1 warnings.go:110] "Warning: unknown field \"spec.resourceAttributes.labelSelector\""
I0216 15:36:51.519838       1 warnings.go:110] "Warning: unknown field \"spec.resourceAttributes.labelSelector\""
I0216 15:37:06.559155       1 warnings.go:110] "Warning: unknown field \"spec.resourceAttributes.labelSelector\""
I0216 15:37:21.588600       1 warnings.go:110] "Warning: unknown field \"spec.resourceAttributes.labelSelector\""
I0216 15:37:36.722116       1 warnings.go:110] "Warning: unknown field \"spec.resourceAttributes.labelSelector\""
I0216 15:37:51.788613       1 warnings.go:110] "Warning: unknown field \"spec.resourceAttributes.labelSelector\""
I0216 15:38:06.873407       1 warnings.go:110] "Warning: unknown field \"spec.resourceAttributes.labelSelector\""
I0216 15:38:21.891474       1 warnings.go:110] "Warning: unknown field \"spec.resourceAttributes.labelSelector\""
I0216 15:38:36.922882       1 warnings.go:110] "Warning: unknown field \"spec.resourceAttributes.labelSelector\""
I0216 15:38:51.947602       1 warnings.go:110] "Warning: unknown field \"spec.resourceAttributes.labelSelector\""
I0216 15:39:06.960023       1 warnings.go:110] "Warning: unknown field \"spec.resourceAttributes.labelSelector\""
I0216 15:39:21.969420       1 warnings.go:110] "Warning: unknown field \"spec.resourceAttributes.labelSelector\""
I0216 15:39:36.980942       1 warnings.go:110] "Warning: unknown field \"spec.resourceAttributes.labelSelector\""
I0216 15:39:51.994167       1 warnings.go:110] "Warning: unknown field \"spec.resourceAttributes.labelSelector\""
I0216 15:40:07.018372       1 warnings.go:110] "Warning: unknown field \"spec.resourceAttributes.labelSelector\""
I0216 15:40:22.032462       1 warnings.go:110] "Warning: unknown field \"spec.resourceAttributes.labelSelector\""
