I0216 15:05:10.074213       1 serving.go:380] Generated self-signed cert (/tmp/apiserver.crt, /tmp/apiserver.key)
I0216 15:05:11.051783       1 handler.go:288] Adding GroupVersion metrics.k8s.io v1beta1 to ResourceManager
I0216 15:05:11.164336       1 secure_serving.go:211] Serving securely on [::]:10250
I0216 15:05:11.164426       1 dynamic_serving_content.go:135] "Starting controller" name="serving-cert::/tmp/apiserver.crt::/tmp/apiserver.key"
I0216 15:05:11.164456       1 requestheader_controller.go:180] Starting RequestHeaderAuthRequestController
I0216 15:05:11.164467       1 configmap_cafile_content.go:205] "Starting controller" name="client-ca::kube-system::extension-apiserver-authentication::client-ca-file"
I0216 15:05:11.164475       1 shared_informer.go:350] "Waiting for caches to sync" controller="RequestHeaderAuthRequestController"
I0216 15:05:11.164482       1 shared_informer.go:350] "Waiting for caches to sync" controller="client-ca::kube-system::extension-apiserver-authentication::client-ca-file"
I0216 15:05:11.164504       1 tlsconfig.go:243] "Starting DynamicServingCertificateController"
I0216 15:05:11.164540       1 configmap_cafile_content.go:205] "Starting controller" name="client-ca::kube-system::extension-apiserver-authentication::requestheader-client-ca-file"
I0216 15:05:11.164591       1 shared_informer.go:350] "Waiting for caches to sync" controller="client-ca::kube-system::extension-apiserver-authentication::requestheader-client-ca-file"
I0216 15:05:11.264637       1 shared_informer.go:357] "Caches are synced" controller="RequestHeaderAuthRequestController"
I0216 15:05:11.264681       1 shared_informer.go:357] "Caches are synced" controller="client-ca::kube-system::extension-apiserver-authentication::client-ca-file"
I0216 15:05:11.264768       1 shared_informer.go:357] "Caches are synced" controller="client-ca::kube-system::extension-apiserver-authentication::requestheader-client-ca-file"
I0216 15:05:28.235445       1 server.go:192] "Failed probe" probe="metric-storage-ready" err="no metrics to serve"
I0216 15:05:38.235000       1 server.go:192] "Failed probe" probe="metric-storage-ready" err="no metrics to serve"
I0216 15:05:54.693891       1 warnings.go:110] "Warning: unknown field \"spec.resourceAttributes.labelSelector\""
I0216 15:06:03.841876       1 warnings.go:110] "Warning: unknown field \"spec.resourceAttributes.labelSelector\""
I0216 15:06:18.863158       1 warnings.go:110] "Warning: unknown field \"spec.resourceAttributes.labelSelector\""
I0216 15:06:33.882654       1 warnings.go:110] "Warning: unknown field \"spec.resourceAttributes.labelSelector\""
I0216 15:06:48.894821       1 warnings.go:110] "Warning: unknown field \"spec.resourceAttributes.labelSelector\""
I0216 15:07:03.923864       1 warnings.go:110] "Warning: unknown field \"spec.resourceAttributes.labelSelector\""
I0216 15:07:18.958690       1 warnings.go:110] "Warning: unknown field \"spec.resourceAttributes.labelSelector\""
I0216 15:07:33.984376       1 warnings.go:110] "Warning: unknown field \"spec.resourceAttributes.labelSelector\""
I0216 15:07:49.004876       1 warnings.go:110] "Warning: unknown field \"spec.resourceAttributes.labelSelector\""
I0216 15:08:04.018356       1 warnings.go:110] "Warning: unknown field \"spec.resourceAttributes.labelSelector\""
I0216 15:08:19.037704       1 warnings.go:110] "Warning: unknown field \"spec.resourceAttributes.labelSelector\""
I0216 15:08:34.074859       1 warnings.go:110] "Warning: unknown field \"spec.resourceAttributes.labelSelector\""
I0216 15:08:49.121320       1 warnings.go:110] "Warning: unknown field \"spec.resourceAttributes.labelSelector\""
I0216 15:09:04.154250       1 warnings.go:110] "Warning: unknown field \"spec.resourceAttributes.labelSelector\""
I0216 15:09:19.205071       1 warnings.go:110] "Warning: unknown field \"spec.resourceAttributes.labelSelector\""
I0216 15:09:34.238026       1 warnings.go:110] "Warning: unknown field \"spec.resourceAttributes.labelSelector\""
I0216 15:09:49.269415       1 warnings.go:110] "Warning: unknown field \"spec.resourceAttributes.labelSelector\""
I0216 15:10:04.328291       1 warnings.go:110] "Warning: unknown field \"spec.resourceAttributes.labelSelector\""
I0216 15:10:19.337544       1 warnings.go:110] "Warning: unknown field \"spec.resourceAttributes.labelSelector\""
I0216 15:10:34.334986       1 warnings.go:110] "Warning: unknown field \"spec.resourceAttributes.labelSelector\""
I0216 15:10:49.333688       1 warnings.go:110] "Warning: unknown field \"spec.resourceAttributes.labelSelector\""
I0216 15:11:04.315614       1 warnings.go:110] "Warning: unknown field \"spec.resourceAttributes.labelSelector\""
I0216 15:11:19.331831       1 warnings.go:110] "Warning: unknown field \"spec.resourceAttributes.labelSelector\""
I0216 15:11:34.338039       1 warnings.go:110] "Warning: unknown field \"spec.resourceAttributes.labelSelector\""
I0216 15:11:49.334377       1 warnings.go:110] "Warning: unknown field \"spec.resourceAttributes.labelSelector\""
I0216 15:12:04.330220       1 warnings.go:110] "Warning: unknown field \"spec.resourceAttributes.labelSelector\""
I0216 15:12:19.332093       1 warnings.go:110] "Warning: unknown field \"spec.resourceAttributes.labelSelector\""
I0216 15:12:34.322454       1 warnings.go:110] "Warning: unknown field \"spec.resourceAttributes.labelSelector\""
I0216 15:12:49.339346       1 warnings.go:110] "Warning: unknown field \"spec.resourceAttributes.labelSelector\""
I0216 15:13:04.346361       1 warnings.go:110] "Warning: unknown field \"spec.resourceAttributes.labelSelector\""
I0216 15:13:19.377418       1 warnings.go:110] "Warning: unknown field \"spec.resourceAttributes.labelSelector\""
I0216 15:13:34.413398       1 warnings.go:110] "Warning: unknown field \"spec.resourceAttributes.labelSelector\""
I0216 15:13:49.470253       1 warnings.go:110] "Warning: unknown field \"spec.resourceAttributes.labelSelector\""
I0216 15:14:04.497427       1 warnings.go:110] "Warning: unknown field \"spec.resourceAttributes.labelSelector\""
I0216 15:14:19.515935       1 warnings.go:110] "Warning: unknown field \"spec.resourceAttributes.labelSelector\""
I0216 15:14:34.525661       1 warnings.go:110] "Warning: unknown field \"spec.resourceAttributes.labelSelector\""
I0216 15:14:49.546588       1 warnings.go:110] "Warning: unknown field \"spec.resourceAttributes.labelSelector\""
I0216 15:15:04.601481       1 warnings.go:110] "Warning: unknown field \"spec.resourceAttributes.labelSelector\""
I0216 15:15:19.631494       1 warnings.go:110] "Warning: unknown field \"spec.resourceAttributes.labelSelector\""
I0216 15:15:34.661607       1 warnings.go:110] "Warning: unknown field \"spec.resourceAttributes.labelSelector\""
I0216 15:15:49.681969       1 warnings.go:110] "Warning: unknown field \"spec.resourceAttributes.labelSelector\""
I0216 15:16:04.722903       1 warnings.go:110] "Warning: unknown field \"spec.resourceAttributes.labelSelector\""
I0216 15:16:19.752381       1 warnings.go:110] "Warning: unknown field \"spec.resourceAttributes.labelSelector\""
I0216 15:16:34.779634       1 warnings.go:110] "Warning: unknown field \"spec.resourceAttributes.labelSelector\""
I0216 15:16:49.841443       1 warnings.go:110] "Warning: unknown field \"spec.resourceAttributes.labelSelector\""
I0216 15:17:04.898400       1 warnings.go:110] "Warning: unknown field \"spec.resourceAttributes.labelSelector\""
I0216 15:17:19.953633       1 warnings.go:110] "Warning: unknown field \"spec.resourceAttributes.labelSelector\""
I0216 15:17:35.023438       1 warnings.go:110] "Warning: unknown field \"spec.resourceAttributes.labelSelector\""
I0216 15:17:50.032366       1 warnings.go:110] "Warning: unknown field \"spec.resourceAttributes.labelSelector\""
I0216 15:18:05.045956       1 warnings.go:110] "Warning: unknown field \"spec.resourceAttributes.labelSelector\""
I0216 15:18:20.056218       1 warnings.go:110] "Warning: unknown field \"spec.resourceAttributes.labelSelector\""
I0216 15:18:35.075140       1 warnings.go:110] "Warning: unknown field \"spec.resourceAttributes.labelSelector\""
I0216 15:18:50.085674       1 warnings.go:110] "Warning: unknown field \"spec.resourceAttributes.labelSelector\""
I0216 15:19:05.117909       1 warnings.go:110] "Warning: unknown field \"spec.resourceAttributes.labelSelector\""
I0216 15:19:20.142040       1 warnings.go:110] "Warning: unknown field \"spec.resourceAttributes.labelSelector\""
I0216 15:19:35.163822       1 warnings.go:110] "Warning: unknown field \"spec.resourceAttributes.labelSelector\""
I0216 15:19:50.180118       1 warnings.go:110] "Warning: unknown field \"spec.resourceAttributes.labelSelector\""
I0216 15:20:05.220893       1 warnings.go:110] "Warning: unknown field \"spec.resourceAttributes.labelSelector\""
I0216 15:20:20.256433       1 warnings.go:110] "Warning: unknown field \"spec.resourceAttributes.labelSelector\""
I0216 15:20:35.318166       1 warnings.go:110] "Warning: unknown field \"spec.resourceAttributes.labelSelector\""
I0216 15:20:50.332618       1 warnings.go:110] "Warning: unknown field \"spec.resourceAttributes.labelSelector\""
I0216 15:21:05.350565       1 warnings.go:110] "Warning: unknown field \"spec.resourceAttributes.labelSelector\""
I0216 15:21:20.357359       1 warnings.go:110] "Warning: unknown field \"spec.resourceAttributes.labelSelector\""
I0216 15:21:35.374958       1 warnings.go:110] "Warning: unknown field \"spec.resourceAttributes.labelSelector\""
I0216 15:21:50.390775       1 warnings.go:110] "Warning: unknown field \"spec.resourceAttributes.labelSelector\""
I0216 15:22:05.413854       1 warnings.go:110] "Warning: unknown field \"spec.resourceAttributes.labelSelector\""
I0216 15:22:20.424181       1 warnings.go:110] "Warning: unknown field \"spec.resourceAttributes.labelSelector\""
I0216 15:22:35.457081       1 warnings.go:110] "Warning: unknown field \"spec.resourceAttributes.labelSelector\""
I0216 15:23:34.283932       1 object_count_tracker.go:151] "StorageObjectCountTracker pruner is exiting"
I0216 15:23:34.283969       1 tlsconfig.go:258] "Shutting down DynamicServingCertificateController"
I0216 15:23:34.284070       1 secure_serving.go:259] Stopped listening on [::]:10250
I0216 15:23:34.284314       1 configmap_cafile_content.go:226] "Shutting down controller" name="client-ca::kube-system::extension-apiserver-authentication::requestheader-client-ca-file"
I0216 15:23:34.284359       1 configmap_cafile_content.go:226] "Shutting down controller" name="client-ca::kube-system::extension-apiserver-authentication::client-ca-file"
I0216 15:23:34.284385       1 requestheader_controller.go:194] Shutting down RequestHeaderAuthRequestController
I0216 15:23:34.287187       1 dynamic_serving_content.go:149] "Shutting down controller" name="serving-cert::/tmp/apiserver.crt::/tmp/apiserver.key"
