LAST SEEN   TYPE      REASON                         OBJECT                            MESSAGE
56m         Normal    Starting                       node/kind-worker2                 
56m         Normal    Starting                       node/kind-control-plane           
56m         Normal    Starting                       node/kind-worker3                 
56m         Normal    Starting                       node/kind-worker                  
56m         Normal    NodeAllocatableEnforced        node/kind-control-plane           Updated Node Allocatable limit across pods
56m         Normal    NodeHasSufficientPID           node/kind-control-plane           Node kind-control-plane status is now: NodeHasSufficientPID
56m         Normal    NodeHasNoDiskPressure          node/kind-control-plane           Node kind-control-plane status is now: NodeHasNoDiskPressure
56m         Normal    NodeHasSufficientMemory        node/kind-control-plane           Node kind-control-plane status is now: NodeHasSufficientMemory
56m         Normal    Starting                       node/kind-control-plane           Starting kubelet.
56m         Normal    NodeAllocatableEnforced        node/kind-control-plane           Updated Node Allocatable limit across pods
56m         Normal    Starting                       node/kind-control-plane           Starting kubelet.
56m         Normal    NodeHasSufficientPID           node/kind-control-plane           Node kind-control-plane status is now: NodeHasSufficientPID
56m         Normal    NodeHasNoDiskPressure          node/kind-control-plane           Node kind-control-plane status is now: NodeHasNoDiskPressure
56m         Normal    NodeHasSufficientMemory        node/kind-control-plane           Node kind-control-plane status is now: NodeHasSufficientMemory
56m         Normal    RegisteredNode                 node/kind-control-plane           Node kind-control-plane event: Registered Node kind-control-plane in Controller
56m         Normal    NodeHasSufficientMemory        node/kind-worker3                 Node kind-worker3 status is now: NodeHasSufficientMemory
56m         Normal    NodeHasSufficientPID           node/kind-worker2                 Node kind-worker2 status is now: NodeHasSufficientPID
56m         Normal    NodeHasNoDiskPressure          node/kind-worker3                 Node kind-worker3 status is now: NodeHasNoDiskPressure
56m         Normal    NodeHasSufficientPID           node/kind-worker3                 Node kind-worker3 status is now: NodeHasSufficientPID
56m         Normal    NodeHasSufficientMemory        node/kind-worker2                 Node kind-worker2 status is now: NodeHasSufficientMemory
56m         Normal    Starting                       node/kind-worker                  Starting kubelet.
56m         Normal    NodeAllocatableEnforced        node/kind-worker2                 Updated Node Allocatable limit across pods
56m         Normal    NodeAllocatableEnforced        node/kind-worker3                 Updated Node Allocatable limit across pods
56m         Normal    NodeAllocatableEnforced        node/kind-worker                  Updated Node Allocatable limit across pods
56m         Normal    NodeHasSufficientPID           node/kind-worker                  Node kind-worker status is now: NodeHasSufficientPID
56m         Normal    NodeHasSufficientMemory        node/kind-worker                  Node kind-worker status is now: NodeHasSufficientMemory
56m         Normal    Starting                       node/kind-worker3                 Starting kubelet.
56m         Normal    NodeHasNoDiskPressure          node/kind-worker                  Node kind-worker status is now: NodeHasNoDiskPressure
56m         Normal    NodeHasNoDiskPressure          node/kind-worker2                 Node kind-worker2 status is now: NodeHasNoDiskPressure
56m         Normal    RegisteredNode                 node/kind-worker3                 Node kind-worker3 event: Registered Node kind-worker3 in Controller
56m         Normal    RegisteredNode                 node/kind-worker                  Node kind-worker event: Registered Node kind-worker in Controller
56m         Normal    RegisteredNode                 node/kind-worker2                 Node kind-worker2 event: Registered Node kind-worker2 in Controller
56m         Normal    NodeReady                      node/kind-control-plane           Node kind-control-plane status is now: NodeReady
55m         Normal    NodeReady                      node/kind-worker3                 Node kind-worker3 status is now: NodeReady
55m         Normal    NodeReady                      node/kind-worker                  Node kind-worker status is now: NodeReady
55m         Normal    NodeReady                      node/kind-worker2                 Node kind-worker2 status is now: NodeReady
53m         Normal    Created                        pod/cpu-app-bcc7f4b9c-98dfw       Container created
53m         Normal    SuccessfulCreate               replicaset/cpu-app-bcc7f4b9c      Created pod: cpu-app-bcc7f4b9c-95jzm
53m         Normal    ScalingReplicaSet              deployment/cpu-app                Scaled up replica set cpu-app-bcc7f4b9c from 0 to 4
53m         Normal    Started                        pod/cpu-app-bcc7f4b9c-98dfw       Container started
53m         Normal    Scheduled                      pod/cpu-app-bcc7f4b9c-95jzm       Successfully assigned default/cpu-app-bcc7f4b9c-95jzm to kind-worker
53m         Normal    Started                        pod/cpu-app-bcc7f4b9c-xznf8       Container started
53m         Normal    Created                        pod/cpu-app-bcc7f4b9c-xznf8       Container created
53m         Normal    Pulled                         pod/cpu-app-bcc7f4b9c-xznf8       Container image "cpu-http-app:latest" already present on machine and can be accessed by the pod
53m         Normal    Scheduled                      pod/cpu-app-bcc7f4b9c-xznf8       Successfully assigned default/cpu-app-bcc7f4b9c-xznf8 to kind-worker3
53m         Normal    Pulled                         pod/cpu-app-bcc7f4b9c-95jzm       Container image "cpu-http-app:latest" already present on machine and can be accessed by the pod
53m         Normal    Created                        pod/cpu-app-bcc7f4b9c-95jzm       Container created
53m         Normal    Started                        pod/cpu-app-bcc7f4b9c-95jzm       Container started
53m         Normal    Started                        pod/cpu-app-bcc7f4b9c-8hlcf       Container started
53m         Normal    Scheduled                      pod/cpu-app-bcc7f4b9c-98dfw       Successfully assigned default/cpu-app-bcc7f4b9c-98dfw to kind-worker2
53m         Normal    SuccessfulCreate               replicaset/cpu-app-bcc7f4b9c      Created pod: cpu-app-bcc7f4b9c-xznf8
53m         Normal    Pulled                         pod/cpu-app-bcc7f4b9c-98dfw       Container image "cpu-http-app:latest" already present on machine and can be accessed by the pod
53m         Normal    SuccessfulCreate               replicaset/cpu-app-bcc7f4b9c      Created pod: cpu-app-bcc7f4b9c-98dfw
53m         Normal    SuccessfulCreate               replicaset/cpu-app-bcc7f4b9c      Created pod: cpu-app-bcc7f4b9c-8hlcf
53m         Normal    Created                        pod/cpu-app-bcc7f4b9c-8hlcf       Container created
53m         Normal    Pulled                         pod/cpu-app-bcc7f4b9c-8hlcf       Container image "cpu-http-app:latest" already present on machine and can be accessed by the pod
53m         Normal    Scheduled                      pod/cpu-app-bcc7f4b9c-8hlcf       Successfully assigned default/cpu-app-bcc7f4b9c-8hlcf to kind-worker3
52m         Warning   FailedComputeMetricsReplicas   horizontalpodautoscaler/cpu-hpa   invalid metrics (1 invalid out of 1), first error is: failed to get pods metric value: unable to get metric http_requests_per_second: no metrics returned from custom metrics API
52m         Warning   FailedGetPodsMetric            horizontalpodautoscaler/cpu-hpa   unable to get metric http_requests_per_second: no metrics returned from custom metrics API
51m         Warning   Unhealthy                      pod/cpu-app-bcc7f4b9c-98dfw       Readiness probe failed: Get "http://10.244.2.3:8080/healthz": context deadline exceeded (Client.Timeout exceeded while awaiting headers)
51m         Normal    SuccessfulRescale              horizontalpodautoscaler/cpu-hpa   New size: 5; reason: pods metric http_requests_per_second above target
51m         Normal    SuccessfulCreate               replicaset/cpu-app-bcc7f4b9c      Created pod: cpu-app-bcc7f4b9c-vxqzk
51m         Normal    Scheduled                      pod/cpu-app-bcc7f4b9c-vxqzk       Successfully assigned default/cpu-app-bcc7f4b9c-vxqzk to kind-worker2
51m         Normal    Pulled                         pod/cpu-app-bcc7f4b9c-vxqzk       Container image "cpu-http-app:latest" already present on machine and can be accessed by the pod
51m         Normal    Created                        pod/cpu-app-bcc7f4b9c-vxqzk       Container created
51m         Normal    ScalingReplicaSet              deployment/cpu-app                Scaled up replica set cpu-app-bcc7f4b9c from 4 to 5
51m         Normal    Started                        pod/cpu-app-bcc7f4b9c-vxqzk       Container started
51m         Normal    SuccessfulCreate               replicaset/cpu-app-bcc7f4b9c      Created pod: cpu-app-bcc7f4b9c-8l272
51m         Normal    Started                        pod/cpu-app-bcc7f4b9c-8l272       Container started
51m         Normal    SuccessfulRescale              horizontalpodautoscaler/cpu-hpa   New size: 6; reason: pods metric http_requests_per_second above target
51m         Normal    Scheduled                      pod/cpu-app-bcc7f4b9c-8l272       Successfully assigned default/cpu-app-bcc7f4b9c-8l272 to kind-worker
51m         Normal    ScalingReplicaSet              deployment/cpu-app                Scaled up replica set cpu-app-bcc7f4b9c from 5 to 6
51m         Normal    Pulled                         pod/cpu-app-bcc7f4b9c-8l272       Container image "cpu-http-app:latest" already present on machine and can be accessed by the pod
51m         Normal    Created                        pod/cpu-app-bcc7f4b9c-8l272       Container created
51m         Normal    Created                        pod/cpu-app-bcc7f4b9c-jfn4r       Container created
51m         Normal    SuccessfulRescale              horizontalpodautoscaler/cpu-hpa   New size: 8; reason: pods metric http_requests_per_second above target
51m         Normal    SuccessfulCreate               replicaset/cpu-app-bcc7f4b9c      Created pod: cpu-app-bcc7f4b9c-h8s6p
51m         Normal    SuccessfulCreate               replicaset/cpu-app-bcc7f4b9c      Created pod: cpu-app-bcc7f4b9c-jfn4r
51m         Normal    Pulled                         pod/cpu-app-bcc7f4b9c-h8s6p       Container image "cpu-http-app:latest" already present on machine and can be accessed by the pod
51m         Normal    Scheduled                      pod/cpu-app-bcc7f4b9c-h8s6p       Successfully assigned default/cpu-app-bcc7f4b9c-h8s6p to kind-worker3
51m         Normal    Created                        pod/cpu-app-bcc7f4b9c-h8s6p       Container created
51m         Normal    ScalingReplicaSet              deployment/cpu-app                Scaled up replica set cpu-app-bcc7f4b9c from 6 to 8
51m         Normal    Pulled                         pod/cpu-app-bcc7f4b9c-jfn4r       Container image "cpu-http-app:latest" already present on machine and can be accessed by the pod
51m         Normal    Scheduled                      pod/cpu-app-bcc7f4b9c-jfn4r       Successfully assigned default/cpu-app-bcc7f4b9c-jfn4r to kind-worker2
51m         Normal    Started                        pod/cpu-app-bcc7f4b9c-h8s6p       Container started
51m         Normal    Started                        pod/cpu-app-bcc7f4b9c-jfn4r       Container started
49m         Warning   Unhealthy                      pod/cpu-app-bcc7f4b9c-xznf8       Readiness probe failed: Get "http://10.244.1.4:8080/healthz": context deadline exceeded (Client.Timeout exceeded while awaiting headers)
49m         Warning   Unhealthy                      pod/cpu-app-bcc7f4b9c-h8s6p       Readiness probe failed: Get "http://10.244.1.6:8080/healthz": context deadline exceeded (Client.Timeout exceeded while awaiting headers)
48m         Normal    SuccessfulCreate               replicaset/cpu-app-bcc7f4b9c      Created pod: cpu-app-bcc7f4b9c-wsfmx
48m         Normal    Scheduled                      pod/cpu-app-bcc7f4b9c-xrw2c       Successfully assigned default/cpu-app-bcc7f4b9c-xrw2c to kind-worker3
48m         Normal    SuccessfulRescale              horizontalpodautoscaler/cpu-hpa   New size: 10; reason: pods metric http_requests_per_second above target
48m         Normal    Scheduled                      pod/cpu-app-bcc7f4b9c-wsfmx       Successfully assigned default/cpu-app-bcc7f4b9c-wsfmx to kind-worker
48m         Normal    ScalingReplicaSet              deployment/cpu-app                Scaled up replica set cpu-app-bcc7f4b9c from 8 to 10
48m         Normal    Started                        pod/cpu-app-bcc7f4b9c-wsfmx       Container started
48m         Normal    Created                        pod/cpu-app-bcc7f4b9c-wsfmx       Container created
48m         Normal    Pulled                         pod/cpu-app-bcc7f4b9c-wsfmx       Container image "cpu-http-app:latest" already present on machine and can be accessed by the pod
48m         Normal    Pulled                         pod/cpu-app-bcc7f4b9c-xrw2c       Container image "cpu-http-app:latest" already present on machine and can be accessed by the pod
48m         Normal    Created                        pod/cpu-app-bcc7f4b9c-xrw2c       Container created
48m         Normal    Started                        pod/cpu-app-bcc7f4b9c-xrw2c       Container started
48m         Normal    Scheduled                      pod/cpu-app-bcc7f4b9c-4g88n       Successfully assigned default/cpu-app-bcc7f4b9c-4g88n to kind-worker
48m         Normal    Scheduled                      pod/cpu-app-bcc7f4b9c-jc492       Successfully assigned default/cpu-app-bcc7f4b9c-jc492 to kind-worker3
48m         Normal    Scheduled                      pod/cpu-app-bcc7f4b9c-nwkjh       Successfully assigned default/cpu-app-bcc7f4b9c-nwkjh to kind-worker2
48m         Normal    Scheduled                      pod/cpu-app-bcc7f4b9c-kgtj4       Successfully assigned default/cpu-app-bcc7f4b9c-kgtj4 to kind-worker2
48m         Normal    Scheduled                      pod/cpu-app-bcc7f4b9c-z8cqg       Successfully assigned default/cpu-app-bcc7f4b9c-z8cqg to kind-worker
48m         Normal    Scheduled                      pod/cpu-app-bcc7f4b9c-jgl5z       Successfully assigned default/cpu-app-bcc7f4b9c-jgl5z to kind-worker2
48m         Normal    ScalingReplicaSet              deployment/cpu-app                Scaled up replica set cpu-app-bcc7f4b9c from 10 to 17
48m         Normal    Scheduled                      pod/cpu-app-bcc7f4b9c-fxr9q       Successfully assigned default/cpu-app-bcc7f4b9c-fxr9q to kind-worker3
48m         Normal    SuccessfulRescale              horizontalpodautoscaler/cpu-hpa   New size: 17; reason: pods metric http_requests_per_second above target
48m         Normal    Created                        pod/cpu-app-bcc7f4b9c-kgtj4       Container created
48m         Normal    Pulled                         pod/cpu-app-bcc7f4b9c-z8cqg       Container image "cpu-http-app:latest" already present on machine and can be accessed by the pod
48m         Normal    Created                        pod/cpu-app-bcc7f4b9c-jc492       Container created
48m         Normal    Pulled                         pod/cpu-app-bcc7f4b9c-kgtj4       Container image "cpu-http-app:latest" already present on machine and can be accessed by the pod
48m         Normal    Started                        pod/cpu-app-bcc7f4b9c-jc492       Container started
48m         Normal    Started                        pod/cpu-app-bcc7f4b9c-fxr9q       Container started
48m         Normal    Created                        pod/cpu-app-bcc7f4b9c-nwkjh       Container created
48m         Normal    Created                        pod/cpu-app-bcc7f4b9c-fxr9q       Container created
48m         Normal    Started                        pod/cpu-app-bcc7f4b9c-4g88n       Container started
48m         Normal    Created                        pod/cpu-app-bcc7f4b9c-4g88n       Container created
48m         Normal    Pulled                         pod/cpu-app-bcc7f4b9c-4g88n       Container image "cpu-http-app:latest" already present on machine and can be accessed by the pod
48m         Normal    Started                        pod/cpu-app-bcc7f4b9c-jgl5z       Container started
48m         Normal    Pulled                         pod/cpu-app-bcc7f4b9c-fxr9q       Container image "cpu-http-app:latest" already present on machine and can be accessed by the pod
48m         Normal    Pulled                         pod/cpu-app-bcc7f4b9c-nwkjh       Container image "cpu-http-app:latest" already present on machine and can be accessed by the pod
48m         Normal    Started                        pod/cpu-app-bcc7f4b9c-kgtj4       Container started
48m         Normal    Created                        pod/cpu-app-bcc7f4b9c-z8cqg       Container created
48m         Normal    Started                        pod/cpu-app-bcc7f4b9c-z8cqg       Container started
48m         Normal    Pulled                         pod/cpu-app-bcc7f4b9c-jgl5z       Container image "cpu-http-app:latest" already present on machine and can be accessed by the pod
48m         Normal    Created                        pod/cpu-app-bcc7f4b9c-jgl5z       Container created
48m         Normal    Pulled                         pod/cpu-app-bcc7f4b9c-jc492       Container image "cpu-http-app:latest" already present on machine and can be accessed by the pod
48m         Normal    Started                        pod/cpu-app-bcc7f4b9c-nwkjh       Container started
48m         Warning   Unhealthy                      pod/cpu-app-bcc7f4b9c-95jzm       Readiness probe failed: Get "http://10.244.3.3:8080/healthz": context deadline exceeded (Client.Timeout exceeded while awaiting headers)
48m         Normal    SuccessfulRescale              horizontalpodautoscaler/cpu-hpa   New size: 21; reason: pods metric http_requests_per_second above target
48m         Normal    Scheduled                      pod/cpu-app-bcc7f4b9c-p6lp5       Successfully assigned default/cpu-app-bcc7f4b9c-p6lp5 to kind-worker2
48m         Normal    Scheduled                      pod/cpu-app-bcc7f4b9c-jg2cf       Successfully assigned default/cpu-app-bcc7f4b9c-jg2cf to kind-worker
48m         Normal    ScalingReplicaSet              deployment/cpu-app                Scaled up replica set cpu-app-bcc7f4b9c from 17 to 21
48m         Normal    Scheduled                      pod/cpu-app-bcc7f4b9c-bn95p       Successfully assigned default/cpu-app-bcc7f4b9c-bn95p to kind-worker
48m         Normal    Scheduled                      pod/cpu-app-bcc7f4b9c-7g7sr       Successfully assigned default/cpu-app-bcc7f4b9c-7g7sr to kind-worker3
48m         Normal    Started                        pod/cpu-app-bcc7f4b9c-jg2cf       Container started
48m         Normal    Started                        pod/cpu-app-bcc7f4b9c-7g7sr       Container started
48m         Normal    Created                        pod/cpu-app-bcc7f4b9c-p6lp5       Container created
48m         Normal    Started                        pod/cpu-app-bcc7f4b9c-p6lp5       Container started
48m         Normal    Pulled                         pod/cpu-app-bcc7f4b9c-7g7sr       Container image "cpu-http-app:latest" already present on machine and can be accessed by the pod
48m         Normal    Created                        pod/cpu-app-bcc7f4b9c-jg2cf       Container created
48m         Normal    Pulled                         pod/cpu-app-bcc7f4b9c-jg2cf       Container image "cpu-http-app:latest" already present on machine and can be accessed by the pod
48m         Normal    Pulled                         pod/cpu-app-bcc7f4b9c-p6lp5       Container image "cpu-http-app:latest" already present on machine and can be accessed by the pod
48m         Normal    Created                        pod/cpu-app-bcc7f4b9c-7g7sr       Container created
48m         Normal    Started                        pod/cpu-app-bcc7f4b9c-bn95p       Container started
48m         Normal    Pulled                         pod/cpu-app-bcc7f4b9c-bn95p       Container image "cpu-http-app:latest" already present on machine and can be accessed by the pod
48m         Normal    Created                        pod/cpu-app-bcc7f4b9c-bn95p       Container created
47m         Warning   Unhealthy                      pod/cpu-app-bcc7f4b9c-wsfmx       Readiness probe failed: Get "http://10.244.3.5:8080/healthz": context deadline exceeded (Client.Timeout exceeded while awaiting headers)
47m         Normal    SuccessfulCreate               replicaset/cpu-app-bcc7f4b9c      (combined from similar events): Created pod: cpu-app-bcc7f4b9c-vgpzc
47m         Normal    Scheduled                      pod/cpu-app-bcc7f4b9c-7s5xn       Successfully assigned default/cpu-app-bcc7f4b9c-7s5xn to kind-worker2
47m         Normal    SuccessfulRescale              horizontalpodautoscaler/cpu-hpa   New size: 24; reason: pods metric http_requests_per_second above target
47m         Normal    Scheduled                      pod/cpu-app-bcc7f4b9c-dtpzs       Successfully assigned default/cpu-app-bcc7f4b9c-dtpzs to kind-worker3
47m         Normal    ScalingReplicaSet              deployment/cpu-app                Scaled up replica set cpu-app-bcc7f4b9c from 21 to 24
47m         Normal    Scheduled                      pod/cpu-app-bcc7f4b9c-vgpzc       Successfully assigned default/cpu-app-bcc7f4b9c-vgpzc to kind-worker
47m         Normal    Pulled                         pod/cpu-app-bcc7f4b9c-vgpzc       Container image "cpu-http-app:latest" already present on machine and can be accessed by the pod
47m         Normal    Started                        pod/cpu-app-bcc7f4b9c-dtpzs       Container started
47m         Normal    Created                        pod/cpu-app-bcc7f4b9c-dtpzs       Container created
47m         Normal    Pulled                         pod/cpu-app-bcc7f4b9c-7s5xn       Container image "cpu-http-app:latest" already present on machine and can be accessed by the pod
47m         Normal    Created                        pod/cpu-app-bcc7f4b9c-7s5xn       Container created
47m         Normal    Started                        pod/cpu-app-bcc7f4b9c-7s5xn       Container started
47m         Normal    Pulled                         pod/cpu-app-bcc7f4b9c-dtpzs       Container image "cpu-http-app:latest" already present on machine and can be accessed by the pod
47m         Normal    Started                        pod/cpu-app-bcc7f4b9c-vgpzc       Container started
47m         Normal    Created                        pod/cpu-app-bcc7f4b9c-vgpzc       Container created
46m         Warning   Unhealthy                      pod/cpu-app-bcc7f4b9c-z8cqg       Readiness probe failed: Get "http://10.244.3.7:8080/healthz": context deadline exceeded (Client.Timeout exceeded while awaiting headers)
44m         Warning   Unhealthy                      pod/cpu-app-bcc7f4b9c-kgtj4       Readiness probe failed: Get "http://10.244.2.6:8080/healthz": context deadline exceeded (Client.Timeout exceeded while awaiting headers)
44m         Warning   Unhealthy                      pod/cpu-app-bcc7f4b9c-fxr9q       Readiness probe failed: Get "http://10.244.1.8:8080/healthz": context deadline exceeded (Client.Timeout exceeded while awaiting headers)
42m         Warning   Unhealthy                      pod/cpu-app-bcc7f4b9c-xrw2c       Readiness probe failed: Get "http://10.244.1.7:8080/healthz": context deadline exceeded (Client.Timeout exceeded while awaiting headers)
41m         Warning   Unhealthy                      pod/cpu-app-bcc7f4b9c-jfn4r       Readiness probe failed: Get "http://10.244.2.5:8080/healthz": context deadline exceeded (Client.Timeout exceeded while awaiting headers)
41m         Warning   Unhealthy                      pod/cpu-app-bcc7f4b9c-7g7sr       Readiness probe failed: Get "http://10.244.1.10:8080/healthz": context deadline exceeded (Client.Timeout exceeded while awaiting headers)
41m         Warning   Unhealthy                      pod/cpu-app-bcc7f4b9c-p6lp5       Readiness probe failed: Get "http://10.244.2.9:8080/healthz": context deadline exceeded (Client.Timeout exceeded while awaiting headers)
39m         Warning   Unhealthy                      pod/cpu-app-bcc7f4b9c-vgpzc       Readiness probe failed: Get "http://10.244.3.10:8080/healthz": context deadline exceeded (Client.Timeout exceeded while awaiting headers)
38m         Warning   Unhealthy                      pod/cpu-app-bcc7f4b9c-nwkjh       Readiness probe failed: Get "http://10.244.2.8:8080/healthz": context deadline exceeded (Client.Timeout exceeded while awaiting headers)
38m         Warning   Unhealthy                      pod/cpu-app-bcc7f4b9c-8l272       Readiness probe failed: Get "http://10.244.3.4:8080/healthz": context deadline exceeded (Client.Timeout exceeded while awaiting headers)
38m         Warning   Unhealthy                      pod/cpu-app-bcc7f4b9c-vxqzk       Readiness probe failed: Get "http://10.244.2.4:8080/healthz": context deadline exceeded (Client.Timeout exceeded while awaiting headers)
38m         Warning   Unhealthy                      pod/cpu-app-bcc7f4b9c-dtpzs       Readiness probe failed: Get "http://10.244.1.11:8080/healthz": context deadline exceeded (Client.Timeout exceeded while awaiting headers)
37m         Warning   Unhealthy                      pod/cpu-app-bcc7f4b9c-8hlcf       Readiness probe failed: Get "http://10.244.1.5:8080/healthz": context deadline exceeded (Client.Timeout exceeded while awaiting headers)
36m         Normal    Killing                        pod/cpu-app-bcc7f4b9c-nwkjh       Stopping container cpu-http
36m         Normal    Killing                        pod/cpu-app-bcc7f4b9c-h8s6p       Stopping container cpu-http
36m         Normal    Killing                        pod/cpu-app-bcc7f4b9c-xznf8       Stopping container cpu-http
36m         Normal    Killing                        pod/cpu-app-bcc7f4b9c-wsfmx       Stopping container cpu-http
36m         Normal    Killing                        pod/cpu-app-bcc7f4b9c-8l272       Stopping container cpu-http
36m         Normal    Killing                        pod/cpu-app-bcc7f4b9c-z8cqg       Stopping container cpu-http
36m         Normal    Killing                        pod/cpu-app-bcc7f4b9c-98dfw       Stopping container cpu-http
36m         Normal    Killing                        pod/cpu-app-bcc7f4b9c-p6lp5       Stopping container cpu-http
36m         Normal    Killing                        pod/cpu-app-bcc7f4b9c-95jzm       Stopping container cpu-http
36m         Normal    Killing                        pod/cpu-app-bcc7f4b9c-jc492       Stopping container cpu-http
36m         Normal    Killing                        pod/cpu-app-bcc7f4b9c-dtpzs       Stopping container cpu-http
36m         Normal    Killing                        pod/cpu-app-bcc7f4b9c-8hlcf       Stopping container cpu-http
36m         Normal    Killing                        pod/cpu-app-bcc7f4b9c-fxr9q       Stopping container cpu-http
36m         Normal    Killing                        pod/cpu-app-bcc7f4b9c-jfn4r       Stopping container cpu-http
36m         Normal    Killing                        pod/cpu-app-bcc7f4b9c-7s5xn       Stopping container cpu-http
36m         Normal    Killing                        pod/cpu-app-bcc7f4b9c-jgl5z       Stopping container cpu-http
36m         Normal    Killing                        pod/cpu-app-bcc7f4b9c-7g7sr       Stopping container cpu-http
36m         Normal    Killing                        pod/cpu-app-bcc7f4b9c-jg2cf       Stopping container cpu-http
36m         Normal    Killing                        pod/cpu-app-bcc7f4b9c-vgpzc       Stopping container cpu-http
36m         Normal    Killing                        pod/cpu-app-bcc7f4b9c-vxqzk       Stopping container cpu-http
36m         Normal    Killing                        pod/cpu-app-bcc7f4b9c-kgtj4       Stopping container cpu-http
36m         Normal    Killing                        pod/cpu-app-bcc7f4b9c-bn95p       Stopping container cpu-http
36m         Normal    Killing                        pod/cpu-app-bcc7f4b9c-4g88n       Stopping container cpu-http
36m         Normal    Killing                        pod/cpu-app-bcc7f4b9c-xrw2c       Stopping container cpu-http
35m         Normal    Scheduled                      pod/cpu-app-bcc7f4b9c-ftnrr       Successfully assigned default/cpu-app-bcc7f4b9c-ftnrr to kind-worker
35m         Normal    Scheduled                      pod/cpu-app-bcc7f4b9c-vg9x8       Successfully assigned default/cpu-app-bcc7f4b9c-vg9x8 to kind-worker3
35m         Normal    Scheduled                      pod/cpu-app-bcc7f4b9c-bxk2h       Successfully assigned default/cpu-app-bcc7f4b9c-bxk2h to kind-worker3
35m         Normal    SuccessfulCreate               replicaset/cpu-app-bcc7f4b9c      Created pod: cpu-app-bcc7f4b9c-qqfqx
35m         Normal    SuccessfulCreate               replicaset/cpu-app-bcc7f4b9c      Created pod: cpu-app-bcc7f4b9c-bxk2h
35m         Normal    ScalingReplicaSet              deployment/cpu-app                Scaled up replica set cpu-app-bcc7f4b9c from 0 to 4
35m         Normal    SuccessfulCreate               replicaset/cpu-app-bcc7f4b9c      Created pod: cpu-app-bcc7f4b9c-ftnrr
35m         Normal    Scheduled                      pod/cpu-app-bcc7f4b9c-qqfqx       Successfully assigned default/cpu-app-bcc7f4b9c-qqfqx to kind-worker2
35m         Normal    SuccessfulCreate               replicaset/cpu-app-bcc7f4b9c      Created pod: cpu-app-bcc7f4b9c-vg9x8
35m         Normal    Pulled                         pod/cpu-app-bcc7f4b9c-ftnrr       Container image "cpu-http-app:latest" already present on machine and can be accessed by the pod
35m         Normal    Pulled                         pod/cpu-app-bcc7f4b9c-vg9x8       Container image "cpu-http-app:latest" already present on machine and can be accessed by the pod
35m         Normal    Started                        pod/cpu-app-bcc7f4b9c-vg9x8       Container started
35m         Normal    Created                        pod/cpu-app-bcc7f4b9c-qqfqx       Container created
35m         Normal    Pulled                         pod/cpu-app-bcc7f4b9c-qqfqx       Container image "cpu-http-app:latest" already present on machine and can be accessed by the pod
35m         Normal    Started                        pod/cpu-app-bcc7f4b9c-qqfqx       Container started
35m         Normal    Created                        pod/cpu-app-bcc7f4b9c-bxk2h       Container created
35m         Normal    Pulled                         pod/cpu-app-bcc7f4b9c-bxk2h       Container image "cpu-http-app:latest" already present on machine and can be accessed by the pod
35m         Normal    Created                        pod/cpu-app-bcc7f4b9c-vg9x8       Container created
35m         Normal    Started                        pod/cpu-app-bcc7f4b9c-bxk2h       Container started
35m         Normal    Created                        pod/cpu-app-bcc7f4b9c-ftnrr       Container created
35m         Normal    Started                        pod/cpu-app-bcc7f4b9c-ftnrr       Container started
34m         Warning   FailedComputeMetricsReplicas   horizontalpodautoscaler/cpu-hpa   invalid metrics (1 invalid out of 1), first error is: failed to get pods metric value: unable to get metric http_requests_per_second: no metrics returned from custom metrics API
34m         Warning   FailedGetPodsMetric            horizontalpodautoscaler/cpu-hpa   unable to get metric http_requests_per_second: no metrics returned from custom metrics API
33m         Normal    SuccessfulCreate               replicaset/cpu-app-bcc7f4b9c      Created pod: cpu-app-bcc7f4b9c-2gsfs
33m         Normal    Scheduled                      pod/cpu-app-bcc7f4b9c-2gsfs       Successfully assigned default/cpu-app-bcc7f4b9c-2gsfs to kind-worker2
33m         Normal    Pulled                         pod/cpu-app-bcc7f4b9c-2gsfs       Container image "cpu-http-app:latest" already present on machine and can be accessed by the pod
33m         Normal    Created                        pod/cpu-app-bcc7f4b9c-2gsfs       Container created
33m         Normal    SuccessfulRescale              horizontalpodautoscaler/cpu-hpa   New size: 5; reason: pods metric http_requests_per_second above target
33m         Normal    ScalingReplicaSet              deployment/cpu-app                Scaled up replica set cpu-app-bcc7f4b9c from 4 to 5
33m         Normal    Started                        pod/cpu-app-bcc7f4b9c-2gsfs       Container started
33m         Warning   Unhealthy                      pod/cpu-app-bcc7f4b9c-vg9x8       Readiness probe failed: Get "http://10.244.1.13:8080/healthz": context deadline exceeded (Client.Timeout exceeded while awaiting headers)
33m         Normal    SuccessfulCreate               replicaset/cpu-app-bcc7f4b9c      Created pod: cpu-app-bcc7f4b9c-qk8s2
33m         Normal    SuccessfulRescale              horizontalpodautoscaler/cpu-hpa   New size: 6; reason: pods metric http_requests_per_second above target
33m         Normal    ScalingReplicaSet              deployment/cpu-app                Scaled up replica set cpu-app-bcc7f4b9c from 5 to 6
33m         Normal    Scheduled                      pod/cpu-app-bcc7f4b9c-qk8s2       Successfully assigned default/cpu-app-bcc7f4b9c-qk8s2 to kind-worker
33m         Normal    Created                        pod/cpu-app-bcc7f4b9c-qk8s2       Container created
33m         Normal    Pulled                         pod/cpu-app-bcc7f4b9c-qk8s2       Container image "cpu-http-app:latest" already present on machine and can be accessed by the pod
33m         Normal    Started                        pod/cpu-app-bcc7f4b9c-qk8s2       Container started
33m         Normal    SuccessfulCreate               replicaset/cpu-app-bcc7f4b9c      Created pod: cpu-app-bcc7f4b9c-jrvr7
33m         Normal    SuccessfulRescale              horizontalpodautoscaler/cpu-hpa   New size: 9; reason: pods metric http_requests_per_second above target
33m         Normal    Scheduled                      pod/cpu-app-bcc7f4b9c-jrvr7       Successfully assigned default/cpu-app-bcc7f4b9c-jrvr7 to kind-worker2
33m         Normal    Created                        pod/cpu-app-bcc7f4b9c-8c648       Container created
33m         Normal    Pulled                         pod/cpu-app-bcc7f4b9c-8c648       Container image "cpu-http-app:latest" already present on machine and can be accessed by the pod
33m         Normal    Scheduled                      pod/cpu-app-bcc7f4b9c-8c648       Successfully assigned default/cpu-app-bcc7f4b9c-8c648 to kind-worker3
33m         Normal    Pulled                         pod/cpu-app-bcc7f4b9c-jrvr7       Container image "cpu-http-app:latest" already present on machine and can be accessed by the pod
33m         Normal    SuccessfulCreate               replicaset/cpu-app-bcc7f4b9c      Created pod: cpu-app-bcc7f4b9c-8c648
33m         Normal    SuccessfulCreate               replicaset/cpu-app-bcc7f4b9c      Created pod: cpu-app-bcc7f4b9c-xxhbr
33m         Normal    ScalingReplicaSet              deployment/cpu-app                Scaled up replica set cpu-app-bcc7f4b9c from 6 to 9
33m         Normal    Scheduled                      pod/cpu-app-bcc7f4b9c-xxhbr       Successfully assigned default/cpu-app-bcc7f4b9c-xxhbr to kind-worker
33m         Normal    Pulled                         pod/cpu-app-bcc7f4b9c-xxhbr       Container image "cpu-http-app:latest" already present on machine and can be accessed by the pod
33m         Normal    Created                        pod/cpu-app-bcc7f4b9c-jrvr7       Container created
33m         Normal    Created                        pod/cpu-app-bcc7f4b9c-xxhbr       Container created
33m         Normal    Started                        pod/cpu-app-bcc7f4b9c-jrvr7       Container started
33m         Normal    Started                        pod/cpu-app-bcc7f4b9c-8c648       Container started
33m         Normal    Started                        pod/cpu-app-bcc7f4b9c-xxhbr       Container started
33m         Warning   Unhealthy                      pod/cpu-app-bcc7f4b9c-bxk2h       Readiness probe failed: Get "http://10.244.1.12:8080/healthz": context deadline exceeded (Client.Timeout exceeded while awaiting headers)
32m         Normal    Scheduled                      pod/cpu-app-bcc7f4b9c-zfp9z       Successfully assigned default/cpu-app-bcc7f4b9c-zfp9z to kind-worker2
32m         Normal    SuccessfulRescale              horizontalpodautoscaler/cpu-hpa   New size: 12; reason: pods metric http_requests_per_second above target
32m         Normal    Scheduled                      pod/cpu-app-bcc7f4b9c-97z7x       Successfully assigned default/cpu-app-bcc7f4b9c-97z7x to kind-worker
32m         Normal    Scheduled                      pod/cpu-app-bcc7f4b9c-v9wm7       Successfully assigned default/cpu-app-bcc7f4b9c-v9wm7 to kind-worker3
32m         Normal    ScalingReplicaSet              deployment/cpu-app                Scaled up replica set cpu-app-bcc7f4b9c from 9 to 12
32m         Normal    Started                        pod/cpu-app-bcc7f4b9c-97z7x       Container started
32m         Normal    Pulled                         pod/cpu-app-bcc7f4b9c-zfp9z       Container image "cpu-http-app:latest" already present on machine and can be accessed by the pod
32m         Normal    Created                        pod/cpu-app-bcc7f4b9c-97z7x       Container created
32m         Normal    Pulled                         pod/cpu-app-bcc7f4b9c-97z7x       Container image "cpu-http-app:latest" already present on machine and can be accessed by the pod
32m         Normal    Pulled                         pod/cpu-app-bcc7f4b9c-v9wm7       Container image "cpu-http-app:latest" already present on machine and can be accessed by the pod
32m         Normal    Created                        pod/cpu-app-bcc7f4b9c-v9wm7       Container created
32m         Normal    Started                        pod/cpu-app-bcc7f4b9c-v9wm7       Container started
32m         Normal    Started                        pod/cpu-app-bcc7f4b9c-zfp9z       Container started
32m         Normal    Created                        pod/cpu-app-bcc7f4b9c-zfp9z       Container created
31m         Warning   Unhealthy                      pod/cpu-app-bcc7f4b9c-jrvr7       Readiness probe failed: Get "http://10.244.2.13:8080/healthz": context deadline exceeded (Client.Timeout exceeded while awaiting headers)
30m         Warning   Unhealthy                      pod/cpu-app-bcc7f4b9c-qk8s2       Readiness probe failed: Get "http://10.244.3.12:8080/healthz": context deadline exceeded (Client.Timeout exceeded while awaiting headers)
30m         Warning   Unhealthy                      pod/cpu-app-bcc7f4b9c-97z7x       Readiness probe failed: Get "http://10.244.3.14:8080/healthz": context deadline exceeded (Client.Timeout exceeded while awaiting headers)
30m         Normal    Scheduled                      pod/cpu-app-bcc7f4b9c-bm6z5       Successfully assigned default/cpu-app-bcc7f4b9c-bm6z5 to kind-worker3
30m         Normal    ScalingReplicaSet              deployment/cpu-app                Scaled up replica set cpu-app-bcc7f4b9c from 12 to 21
30m         Normal    Scheduled                      pod/cpu-app-bcc7f4b9c-b7k65       Successfully assigned default/cpu-app-bcc7f4b9c-b7k65 to kind-worker2
30m         Normal    SuccessfulRescale              horizontalpodautoscaler/cpu-hpa   New size: 21; reason: pods metric http_requests_per_second above target
30m         Normal    Scheduled                      pod/cpu-app-bcc7f4b9c-jdr47       Successfully assigned default/cpu-app-bcc7f4b9c-jdr47 to kind-worker
30m         Normal    Scheduled                      pod/cpu-app-bcc7f4b9c-wwmzp       Successfully assigned default/cpu-app-bcc7f4b9c-wwmzp to kind-worker
30m         Normal    Scheduled                      pod/cpu-app-bcc7f4b9c-gzp2h       Successfully assigned default/cpu-app-bcc7f4b9c-gzp2h to kind-worker
30m         Normal    Scheduled                      pod/cpu-app-bcc7f4b9c-plnbw       Successfully assigned default/cpu-app-bcc7f4b9c-plnbw to kind-worker2
30m         Normal    Scheduled                      pod/cpu-app-bcc7f4b9c-ztfhb       Successfully assigned default/cpu-app-bcc7f4b9c-ztfhb to kind-worker2
30m         Normal    Scheduled                      pod/cpu-app-bcc7f4b9c-v4vtx       Successfully assigned default/cpu-app-bcc7f4b9c-v4vtx to kind-worker3
30m         Normal    Scheduled                      pod/cpu-app-bcc7f4b9c-tkmz6       Successfully assigned default/cpu-app-bcc7f4b9c-tkmz6 to kind-worker3
30m         Normal    Pulled                         pod/cpu-app-bcc7f4b9c-wwmzp       Container image "cpu-http-app:latest" already present on machine and can be accessed by the pod
30m         Normal    Created                        pod/cpu-app-bcc7f4b9c-jdr47       Container created
30m         Normal    Pulled                         pod/cpu-app-bcc7f4b9c-ztfhb       Container image "cpu-http-app:latest" already present on machine and can be accessed by the pod
30m         Normal    Started                        pod/cpu-app-bcc7f4b9c-plnbw       Container started
30m         Normal    Started                        pod/cpu-app-bcc7f4b9c-bm6z5       Container started
30m         Normal    Pulled                         pod/cpu-app-bcc7f4b9c-gzp2h       Container image "cpu-http-app:latest" already present on machine and can be accessed by the pod
30m         Normal    Created                        pod/cpu-app-bcc7f4b9c-gzp2h       Container created
30m         Normal    Started                        pod/cpu-app-bcc7f4b9c-gzp2h       Container started
30m         Normal    Created                        pod/cpu-app-bcc7f4b9c-b7k65       Container created
30m         Normal    Started                        pod/cpu-app-bcc7f4b9c-ztfhb       Container started
30m         Normal    Pulled                         pod/cpu-app-bcc7f4b9c-tkmz6       Container image "cpu-http-app:latest" already present on machine and can be accessed by the pod
30m         Normal    Created                        pod/cpu-app-bcc7f4b9c-tkmz6       Container created
30m         Normal    Started                        pod/cpu-app-bcc7f4b9c-tkmz6       Container started
30m         Normal    Started                        pod/cpu-app-bcc7f4b9c-b7k65       Container started
30m         Normal    Created                        pod/cpu-app-bcc7f4b9c-bm6z5       Container created
30m         Normal    Created                        pod/cpu-app-bcc7f4b9c-plnbw       Container created
30m         Normal    Pulled                         pod/cpu-app-bcc7f4b9c-v4vtx       Container image "cpu-http-app:latest" already present on machine and can be accessed by the pod
30m         Normal    Created                        pod/cpu-app-bcc7f4b9c-v4vtx       Container created
30m         Normal    Started                        pod/cpu-app-bcc7f4b9c-v4vtx       Container started
30m         Normal    Pulled                         pod/cpu-app-bcc7f4b9c-b7k65       Container image "cpu-http-app:latest" already present on machine and can be accessed by the pod
30m         Normal    Pulled                         pod/cpu-app-bcc7f4b9c-bm6z5       Container image "cpu-http-app:latest" already present on machine and can be accessed by the pod
30m         Normal    Pulled                         pod/cpu-app-bcc7f4b9c-jdr47       Container image "cpu-http-app:latest" already present on machine and can be accessed by the pod
30m         Normal    Created                        pod/cpu-app-bcc7f4b9c-ztfhb       Container created
30m         Normal    Started                        pod/cpu-app-bcc7f4b9c-jdr47       Container started
30m         Normal    Pulled                         pod/cpu-app-bcc7f4b9c-plnbw       Container image "cpu-http-app:latest" already present on machine and can be accessed by the pod
30m         Normal    Created                        pod/cpu-app-bcc7f4b9c-wwmzp       Container created
30m         Normal    Started                        pod/cpu-app-bcc7f4b9c-wwmzp       Container started
30m         Warning   Unhealthy                      pod/cpu-app-bcc7f4b9c-2gsfs       Readiness probe failed: Get "http://10.244.2.12:8080/healthz": context deadline exceeded (Client.Timeout exceeded while awaiting headers)
30m         Warning   Unhealthy                      pod/cpu-app-bcc7f4b9c-gzp2h       Readiness probe failed: Get "http://10.244.3.15:8080/healthz": context deadline exceeded (Client.Timeout exceeded while awaiting headers)
29m         Normal    Scheduled                      pod/cpu-app-bcc7f4b9c-c7m7z       Successfully assigned default/cpu-app-bcc7f4b9c-c7m7z to kind-worker2
29m         Normal    Scheduled                      pod/cpu-app-bcc7f4b9c-dmp6b       Successfully assigned default/cpu-app-bcc7f4b9c-dmp6b to kind-worker
29m         Normal    ScalingReplicaSet              deployment/cpu-app                Scaled up replica set cpu-app-bcc7f4b9c from 21 to 24
29m         Normal    SuccessfulRescale              horizontalpodautoscaler/cpu-hpa   New size: 24; reason: pods metric http_requests_per_second above target
29m         Normal    Scheduled                      pod/cpu-app-bcc7f4b9c-cwvd8       Successfully assigned default/cpu-app-bcc7f4b9c-cwvd8 to kind-worker3
29m         Normal    SuccessfulCreate               replicaset/cpu-app-bcc7f4b9c      (combined from similar events): Created pod: cpu-app-bcc7f4b9c-dmp6b
29m         Normal    Created                        pod/cpu-app-bcc7f4b9c-dmp6b       Container created
29m         Normal    Created                        pod/cpu-app-bcc7f4b9c-cwvd8       Container created
29m         Normal    Started                        pod/cpu-app-bcc7f4b9c-c7m7z       Container started
29m         Normal    Started                        pod/cpu-app-bcc7f4b9c-cwvd8       Container started
29m         Normal    Started                        pod/cpu-app-bcc7f4b9c-dmp6b       Container started
29m         Normal    Pulled                         pod/cpu-app-bcc7f4b9c-dmp6b       Container image "cpu-http-app:latest" already present on machine and can be accessed by the pod
29m         Normal    Created                        pod/cpu-app-bcc7f4b9c-c7m7z       Container created
29m         Normal    Pulled                         pod/cpu-app-bcc7f4b9c-c7m7z       Container image "cpu-http-app:latest" already present on machine and can be accessed by the pod
29m         Normal    Pulled                         pod/cpu-app-bcc7f4b9c-cwvd8       Container image "cpu-http-app:latest" already present on machine and can be accessed by the pod
27m         Warning   Unhealthy                      pod/cpu-app-bcc7f4b9c-wwmzp       Readiness probe failed: Get "http://10.244.3.16:8080/healthz": context deadline exceeded (Client.Timeout exceeded while awaiting headers)
27m         Warning   Unhealthy                      pod/cpu-app-bcc7f4b9c-xxhbr       Readiness probe failed: Get "http://10.244.3.13:8080/healthz": context deadline exceeded (Client.Timeout exceeded while awaiting headers)
26m         Warning   Unhealthy                      pod/cpu-app-bcc7f4b9c-plnbw       Readiness probe failed: Get "http://10.244.2.15:8080/healthz": context deadline exceeded (Client.Timeout exceeded while awaiting headers)
26m         Warning   Unhealthy                      pod/cpu-app-bcc7f4b9c-ztfhb       Readiness probe failed: Get "http://10.244.2.16:8080/healthz": context deadline exceeded (Client.Timeout exceeded while awaiting headers)
21m         Warning   Unhealthy                      pod/cpu-app-bcc7f4b9c-qqfqx       Readiness probe failed: Get "http://10.244.2.11:8080/healthz": context deadline exceeded (Client.Timeout exceeded while awaiting headers)
20m         Warning   Unhealthy                      pod/cpu-app-bcc7f4b9c-v9wm7       Readiness probe failed: Get "http://10.244.1.15:8080/healthz": context deadline exceeded (Client.Timeout exceeded while awaiting headers)
20m         Warning   Unhealthy                      pod/cpu-app-bcc7f4b9c-8c648       Readiness probe failed: Get "http://10.244.1.14:8080/healthz": context deadline exceeded (Client.Timeout exceeded while awaiting headers)
19m         Warning   Unhealthy                      pod/cpu-app-bcc7f4b9c-ftnrr       Readiness probe failed: Get "http://10.244.3.11:8080/healthz": context deadline exceeded (Client.Timeout exceeded while awaiting headers)
19m         Warning   Unhealthy                      pod/cpu-app-bcc7f4b9c-c7m7z       Readiness probe failed: Get "http://10.244.2.18:8080/healthz": context deadline exceeded (Client.Timeout exceeded while awaiting headers)
19m         Warning   Unhealthy                      pod/cpu-app-bcc7f4b9c-jdr47       Readiness probe failed: Get "http://10.244.3.17:8080/healthz": context deadline exceeded (Client.Timeout exceeded while awaiting headers)
18m         Normal    Killing                        pod/cpu-app-bcc7f4b9c-v9wm7       Stopping container cpu-http
18m         Normal    Killing                        pod/cpu-app-bcc7f4b9c-2gsfs       Stopping container cpu-http
18m         Normal    Killing                        pod/cpu-app-bcc7f4b9c-zfp9z       Stopping container cpu-http
18m         Normal    Killing                        pod/cpu-app-bcc7f4b9c-ftnrr       Stopping container cpu-http
18m         Normal    Killing                        pod/cpu-app-bcc7f4b9c-97z7x       Stopping container cpu-http
18m         Normal    Killing                        pod/cpu-app-bcc7f4b9c-qqfqx       Stopping container cpu-http
18m         Normal    Killing                        pod/cpu-app-bcc7f4b9c-c7m7z       Stopping container cpu-http
18m         Normal    Killing                        pod/cpu-app-bcc7f4b9c-plnbw       Stopping container cpu-http
18m         Normal    Killing                        pod/cpu-app-bcc7f4b9c-gzp2h       Stopping container cpu-http
18m         Normal    Killing                        pod/cpu-app-bcc7f4b9c-xxhbr       Stopping container cpu-http
18m         Normal    Killing                        pod/cpu-app-bcc7f4b9c-dmp6b       Stopping container cpu-http
18m         Normal    Killing                        pod/cpu-app-bcc7f4b9c-cwvd8       Stopping container cpu-http
18m         Normal    Killing                        pod/cpu-app-bcc7f4b9c-b7k65       Stopping container cpu-http
18m         Normal    Killing                        pod/cpu-app-bcc7f4b9c-ztfhb       Stopping container cpu-http
18m         Normal    Killing                        pod/cpu-app-bcc7f4b9c-tkmz6       Stopping container cpu-http
18m         Normal    Killing                        pod/cpu-app-bcc7f4b9c-jrvr7       Stopping container cpu-http
18m         Normal    Killing                        pod/cpu-app-bcc7f4b9c-wwmzp       Stopping container cpu-http
18m         Normal    Killing                        pod/cpu-app-bcc7f4b9c-bm6z5       Stopping container cpu-http
18m         Normal    Killing                        pod/cpu-app-bcc7f4b9c-bxk2h       Stopping container cpu-http
18m         Normal    Killing                        pod/cpu-app-bcc7f4b9c-v4vtx       Stopping container cpu-http
18m         Normal    Killing                        pod/cpu-app-bcc7f4b9c-jdr47       Stopping container cpu-http
18m         Normal    Killing                        pod/cpu-app-bcc7f4b9c-8c648       Stopping container cpu-http
18m         Normal    Killing                        pod/cpu-app-bcc7f4b9c-vg9x8       Stopping container cpu-http
18m         Normal    Killing                        pod/cpu-app-bcc7f4b9c-qk8s2       Stopping container cpu-http
17m         Warning   Unhealthy                      pod/cpu-app-bcc7f4b9c-tkmz6       Readiness probe failed: Get "http://10.244.1.18:8080/healthz": context deadline exceeded (Client.Timeout exceeded while awaiting headers)
17m         Normal    Scheduled                      pod/cpu-app-bcc7f4b9c-4bddv       Successfully assigned default/cpu-app-bcc7f4b9c-4bddv to kind-worker
17m         Normal    Scheduled                      pod/cpu-app-bcc7f4b9c-w8bhg       Successfully assigned default/cpu-app-bcc7f4b9c-w8bhg to kind-worker3
17m         Normal    SuccessfulCreate               replicaset/cpu-app-bcc7f4b9c      Created pod: cpu-app-bcc7f4b9c-w8bhg
17m         Normal    SuccessfulCreate               replicaset/cpu-app-bcc7f4b9c      Created pod: cpu-app-bcc7f4b9c-t8n6c
17m         Normal    ScalingReplicaSet              deployment/cpu-app                Scaled up replica set cpu-app-bcc7f4b9c from 0 to 4
17m         Normal    Scheduled                      pod/cpu-app-bcc7f4b9c-vllcs       Successfully assigned default/cpu-app-bcc7f4b9c-vllcs to kind-worker3
17m         Normal    SuccessfulCreate               replicaset/cpu-app-bcc7f4b9c      Created pod: cpu-app-bcc7f4b9c-vllcs
17m         Normal    Scheduled                      pod/cpu-app-bcc7f4b9c-t8n6c       Successfully assigned default/cpu-app-bcc7f4b9c-t8n6c to kind-worker2
17m         Normal    SuccessfulCreate               replicaset/cpu-app-bcc7f4b9c      Created pod: cpu-app-bcc7f4b9c-4bddv
17m         Normal    Pulled                         pod/cpu-app-bcc7f4b9c-4bddv       Container image "cpu-http-app:latest" already present on machine and can be accessed by the pod
17m         Normal    Pulled                         pod/cpu-app-bcc7f4b9c-t8n6c       Container image "cpu-http-app:latest" already present on machine and can be accessed by the pod
17m         Normal    Started                        pod/cpu-app-bcc7f4b9c-4bddv       Container started
17m         Normal    Started                        pod/cpu-app-bcc7f4b9c-vllcs       Container started
17m         Normal    Created                        pod/cpu-app-bcc7f4b9c-vllcs       Container created
17m         Normal    Started                        pod/cpu-app-bcc7f4b9c-w8bhg       Container started
17m         Normal    Started                        pod/cpu-app-bcc7f4b9c-t8n6c       Container started
17m         Normal    Created                        pod/cpu-app-bcc7f4b9c-4bddv       Container created
17m         Normal    Pulled                         pod/cpu-app-bcc7f4b9c-vllcs       Container image "cpu-http-app:latest" already present on machine and can be accessed by the pod
17m         Normal    Created                        pod/cpu-app-bcc7f4b9c-t8n6c       Container created
17m         Normal    Pulled                         pod/cpu-app-bcc7f4b9c-w8bhg       Container image "cpu-http-app:latest" already present on machine and can be accessed by the pod
17m         Normal    Created                        pod/cpu-app-bcc7f4b9c-w8bhg       Container created
16m         Warning   FailedGetPodsMetric            horizontalpodautoscaler/cpu-hpa   unable to get metric http_requests_per_second: no metrics returned from custom metrics API
16m         Warning   FailedComputeMetricsReplicas   horizontalpodautoscaler/cpu-hpa   invalid metrics (1 invalid out of 1), first error is: failed to get pods metric value: unable to get metric http_requests_per_second: no metrics returned from custom metrics API
15m         Normal    SuccessfulCreate               replicaset/cpu-app-bcc7f4b9c      Created pod: cpu-app-bcc7f4b9c-jcsfp
15m         Normal    SuccessfulCreate               replicaset/cpu-app-bcc7f4b9c      Created pod: cpu-app-bcc7f4b9c-gx24f
15m         Normal    Scheduled                      pod/cpu-app-bcc7f4b9c-gx24f       Successfully assigned default/cpu-app-bcc7f4b9c-gx24f to kind-worker2
15m         Normal    SuccessfulCreate               replicaset/cpu-app-bcc7f4b9c      Created pod: cpu-app-bcc7f4b9c-8skxj
15m         Normal    Scheduled                      pod/cpu-app-bcc7f4b9c-8skxj       Successfully assigned default/cpu-app-bcc7f4b9c-8skxj to kind-worker
15m         Normal    ScalingReplicaSet              deployment/cpu-app                Scaled up replica set cpu-app-bcc7f4b9c from 4 to 7
15m         Normal    SuccessfulRescale              horizontalpodautoscaler/cpu-hpa   New size: 7; reason: pods metric http_requests_per_second above target
15m         Normal    Scheduled                      pod/cpu-app-bcc7f4b9c-jcsfp       Successfully assigned default/cpu-app-bcc7f4b9c-jcsfp to kind-worker3
15m         Normal    Created                        pod/cpu-app-bcc7f4b9c-jcsfp       Container created
15m         Normal    Pulled                         pod/cpu-app-bcc7f4b9c-jcsfp       Container image "cpu-http-app:latest" already present on machine and can be accessed by the pod
15m         Normal    Started                        pod/cpu-app-bcc7f4b9c-jcsfp       Container started
15m         Normal    Started                        pod/cpu-app-bcc7f4b9c-8skxj       Container started
15m         Normal    Created                        pod/cpu-app-bcc7f4b9c-8skxj       Container created
15m         Normal    Pulled                         pod/cpu-app-bcc7f4b9c-8skxj       Container image "cpu-http-app:latest" already present on machine and can be accessed by the pod
15m         Normal    Started                        pod/cpu-app-bcc7f4b9c-gx24f       Container started
15m         Normal    Created                        pod/cpu-app-bcc7f4b9c-gx24f       Container created
15m         Normal    Pulled                         pod/cpu-app-bcc7f4b9c-gx24f       Container image "cpu-http-app:latest" already present on machine and can be accessed by the pod
15m         Normal    SuccessfulCreate               replicaset/cpu-app-bcc7f4b9c      Created pod: cpu-app-bcc7f4b9c-sf654
15m         Normal    ScalingReplicaSet              deployment/cpu-app                Scaled up replica set cpu-app-bcc7f4b9c from 7 to 8
15m         Normal    SuccessfulRescale              horizontalpodautoscaler/cpu-hpa   New size: 8; reason: pods metric http_requests_per_second above target
15m         Normal    Scheduled                      pod/cpu-app-bcc7f4b9c-sf654       Successfully assigned default/cpu-app-bcc7f4b9c-sf654 to kind-worker
15m         Normal    Started                        pod/cpu-app-bcc7f4b9c-sf654       Container started
15m         Normal    Pulled                         pod/cpu-app-bcc7f4b9c-sf654       Container image "cpu-http-app:latest" already present on machine and can be accessed by the pod
15m         Normal    Created                        pod/cpu-app-bcc7f4b9c-sf654       Container created
14m         Normal    SuccessfulRescale              horizontalpodautoscaler/cpu-hpa   New size: 10; reason: pods metric http_requests_per_second above target
14m         Normal    Scheduled                      pod/cpu-app-bcc7f4b9c-8bmq4       Successfully assigned default/cpu-app-bcc7f4b9c-8bmq4 to kind-worker2
14m         Normal    ScalingReplicaSet              deployment/cpu-app                Scaled up replica set cpu-app-bcc7f4b9c from 8 to 10
14m         Normal    SuccessfulCreate               replicaset/cpu-app-bcc7f4b9c      Created pod: cpu-app-bcc7f4b9c-8bmq4
14m         Normal    Scheduled                      pod/cpu-app-bcc7f4b9c-kwtfh       Successfully assigned default/cpu-app-bcc7f4b9c-kwtfh to kind-worker3
14m         Normal    Started                        pod/cpu-app-bcc7f4b9c-8bmq4       Container started
14m         Normal    Pulled                         pod/cpu-app-bcc7f4b9c-8bmq4       Container image "cpu-http-app:latest" already present on machine and can be accessed by the pod
14m         Normal    Created                        pod/cpu-app-bcc7f4b9c-kwtfh       Container created
14m         Normal    Started                        pod/cpu-app-bcc7f4b9c-kwtfh       Container started
14m         Normal    Pulled                         pod/cpu-app-bcc7f4b9c-kwtfh       Container image "cpu-http-app:latest" already present on machine and can be accessed by the pod
14m         Normal    Created                        pod/cpu-app-bcc7f4b9c-8bmq4       Container created
13m         Warning   Unhealthy                      pod/cpu-app-bcc7f4b9c-4bddv       Readiness probe failed: Get "http://10.244.3.19:8080/healthz": context deadline exceeded (Client.Timeout exceeded while awaiting headers)
12m         Normal    Scheduled                      pod/cpu-app-bcc7f4b9c-flf49       Successfully assigned default/cpu-app-bcc7f4b9c-flf49 to kind-worker
12m         Normal    Scheduled                      pod/cpu-app-bcc7f4b9c-w5274       Successfully assigned default/cpu-app-bcc7f4b9c-w5274 to kind-worker
12m         Normal    Scheduled                      pod/cpu-app-bcc7f4b9c-9wd2k       Successfully assigned default/cpu-app-bcc7f4b9c-9wd2k to kind-worker2
12m         Normal    ScalingReplicaSet              deployment/cpu-app                Scaled up replica set cpu-app-bcc7f4b9c from 10 to 16
12m         Normal    Scheduled                      pod/cpu-app-bcc7f4b9c-bq65m       Successfully assigned default/cpu-app-bcc7f4b9c-bq65m to kind-worker2
12m         Normal    Scheduled                      pod/cpu-app-bcc7f4b9c-42njm       Successfully assigned default/cpu-app-bcc7f4b9c-42njm to kind-worker3
12m         Normal    Scheduled                      pod/cpu-app-bcc7f4b9c-q9mtm       Successfully assigned default/cpu-app-bcc7f4b9c-q9mtm to kind-worker3
12m         Normal    SuccessfulRescale              horizontalpodautoscaler/cpu-hpa   New size: 16; reason: pods metric http_requests_per_second above target
12m         Normal    Created                        pod/cpu-app-bcc7f4b9c-flf49       Container created
12m         Normal    Created                        pod/cpu-app-bcc7f4b9c-w5274       Container created
12m         Normal    Created                        pod/cpu-app-bcc7f4b9c-9wd2k       Container created
12m         Normal    Started                        pod/cpu-app-bcc7f4b9c-9wd2k       Container started
12m         Normal    Started                        pod/cpu-app-bcc7f4b9c-42njm       Container started
12m         Normal    Created                        pod/cpu-app-bcc7f4b9c-bq65m       Container created
12m         Normal    Pulled                         pod/cpu-app-bcc7f4b9c-w5274       Container image "cpu-http-app:latest" already present on machine and can be accessed by the pod
12m         Normal    Pulled                         pod/cpu-app-bcc7f4b9c-q9mtm       Container image "cpu-http-app:latest" already present on machine and can be accessed by the pod
12m         Normal    Created                        pod/cpu-app-bcc7f4b9c-q9mtm       Container created
12m         Normal    Pulled                         pod/cpu-app-bcc7f4b9c-flf49       Container image "cpu-http-app:latest" already present on machine and can be accessed by the pod
12m         Normal    Pulled                         pod/cpu-app-bcc7f4b9c-9wd2k       Container image "cpu-http-app:latest" already present on machine and can be accessed by the pod
12m         Normal    Started                        pod/cpu-app-bcc7f4b9c-bq65m       Container started
12m         Normal    Created                        pod/cpu-app-bcc7f4b9c-42njm       Container created
12m         Normal    Pulled                         pod/cpu-app-bcc7f4b9c-42njm       Container image "cpu-http-app:latest" already present on machine and can be accessed by the pod
12m         Normal    Started                        pod/cpu-app-bcc7f4b9c-q9mtm       Container started
12m         Normal    Pulled                         pod/cpu-app-bcc7f4b9c-bq65m       Container image "cpu-http-app:latest" already present on machine and can be accessed by the pod
12m         Normal    Started                        pod/cpu-app-bcc7f4b9c-flf49       Container started
12m         Normal    Started                        pod/cpu-app-bcc7f4b9c-w5274       Container started
12m         Normal    SuccessfulRescale              horizontalpodautoscaler/cpu-hpa   New size: 19; reason: pods metric http_requests_per_second above target
12m         Normal    Scheduled                      pod/cpu-app-bcc7f4b9c-7wcgh       Successfully assigned default/cpu-app-bcc7f4b9c-7wcgh to kind-worker2
12m         Normal    ScalingReplicaSet              deployment/cpu-app                Scaled up replica set cpu-app-bcc7f4b9c from 16 to 19
12m         Normal    Scheduled                      pod/cpu-app-bcc7f4b9c-8n6pc       Successfully assigned default/cpu-app-bcc7f4b9c-8n6pc to kind-worker
12m         Normal    Scheduled                      pod/cpu-app-bcc7f4b9c-h2l7q       Successfully assigned default/cpu-app-bcc7f4b9c-h2l7q to kind-worker3
12m         Normal    Pulled                         pod/cpu-app-bcc7f4b9c-h2l7q       Container image "cpu-http-app:latest" already present on machine and can be accessed by the pod
12m         Normal    Pulled                         pod/cpu-app-bcc7f4b9c-7wcgh       Container image "cpu-http-app:latest" already present on machine and can be accessed by the pod
12m         Normal    Pulled                         pod/cpu-app-bcc7f4b9c-8n6pc       Container image "cpu-http-app:latest" already present on machine and can be accessed by the pod
12m         Normal    Created                        pod/cpu-app-bcc7f4b9c-8n6pc       Container created
12m         Normal    Started                        pod/cpu-app-bcc7f4b9c-7wcgh       Container started
12m         Normal    Started                        pod/cpu-app-bcc7f4b9c-h2l7q       Container started
12m         Normal    Created                        pod/cpu-app-bcc7f4b9c-h2l7q       Container created
12m         Normal    Created                        pod/cpu-app-bcc7f4b9c-7wcgh       Container created
12m         Normal    Started                        pod/cpu-app-bcc7f4b9c-8n6pc       Container started
11m         Normal    SuccessfulCreate               replicaset/cpu-app-bcc7f4b9c      (combined from similar events): Created pod: cpu-app-bcc7f4b9c-7xxrc
11m         Normal    Scheduled                      pod/cpu-app-bcc7f4b9c-7xxrc       Successfully assigned default/cpu-app-bcc7f4b9c-7xxrc to kind-worker
11m         Normal    Scheduled                      pod/cpu-app-bcc7f4b9c-gjlnv       Successfully assigned default/cpu-app-bcc7f4b9c-gjlnv to kind-worker2
11m         Normal    ScalingReplicaSet              deployment/cpu-app                Scaled up replica set cpu-app-bcc7f4b9c from 19 to 24
11m         Normal    SuccessfulRescale              horizontalpodautoscaler/cpu-hpa   New size: 24; reason: pods metric http_requests_per_second above target
11m         Normal    Scheduled                      pod/cpu-app-bcc7f4b9c-c2g7j       Successfully assigned default/cpu-app-bcc7f4b9c-c2g7j to kind-worker
11m         Normal    Scheduled                      pod/cpu-app-bcc7f4b9c-5phkh       Successfully assigned default/cpu-app-bcc7f4b9c-5phkh to kind-worker2
11m         Normal    Scheduled                      pod/cpu-app-bcc7f4b9c-fsmkh       Successfully assigned default/cpu-app-bcc7f4b9c-fsmkh to kind-worker3
11m         Normal    Created                        pod/cpu-app-bcc7f4b9c-7xxrc       Container created
11m         Normal    Pulled                         pod/cpu-app-bcc7f4b9c-c2g7j       Container image "cpu-http-app:latest" already present on machine and can be accessed by the pod
11m         Normal    Started                        pod/cpu-app-bcc7f4b9c-c2g7j       Container started
11m         Normal    Pulled                         pod/cpu-app-bcc7f4b9c-7xxrc       Container image "cpu-http-app:latest" already present on machine and can be accessed by the pod
11m         Normal    Pulled                         pod/cpu-app-bcc7f4b9c-fsmkh       Container image "cpu-http-app:latest" already present on machine and can be accessed by the pod
11m         Normal    Pulled                         pod/cpu-app-bcc7f4b9c-5phkh       Container image "cpu-http-app:latest" already present on machine and can be accessed by the pod
11m         Normal    Created                        pod/cpu-app-bcc7f4b9c-c2g7j       Container created
11m         Normal    Started                        pod/cpu-app-bcc7f4b9c-fsmkh       Container started
11m         Normal    Pulled                         pod/cpu-app-bcc7f4b9c-gjlnv       Container image "cpu-http-app:latest" already present on machine and can be accessed by the pod
11m         Normal    Created                        pod/cpu-app-bcc7f4b9c-gjlnv       Container created
11m         Normal    Created                        pod/cpu-app-bcc7f4b9c-fsmkh       Container created
11m         Normal    Started                        pod/cpu-app-bcc7f4b9c-7xxrc       Container started
11m         Normal    Created                        pod/cpu-app-bcc7f4b9c-5phkh       Container created
11m         Normal    Started                        pod/cpu-app-bcc7f4b9c-gjlnv       Container started
11m         Normal    Started                        pod/cpu-app-bcc7f4b9c-5phkh       Container started
11m         Warning   Unhealthy                      pod/cpu-app-bcc7f4b9c-9wd2k       Readiness probe failed: Get "http://10.244.2.23:8080/healthz": context deadline exceeded (Client.Timeout exceeded while awaiting headers)
9m49s       Warning   Unhealthy                      pod/cpu-app-bcc7f4b9c-fsmkh       Readiness probe failed: Get "http://10.244.1.27:8080/healthz": context deadline exceeded (Client.Timeout exceeded while awaiting headers)
9m26s       Warning   Unhealthy                      pod/cpu-app-bcc7f4b9c-vllcs       Readiness probe failed: Get "http://10.244.1.21:8080/healthz": context deadline exceeded (Client.Timeout exceeded while awaiting headers)
9m9s        Warning   Unhealthy                      pod/cpu-app-bcc7f4b9c-flf49       Readiness probe failed: Get "http://10.244.3.22:8080/healthz": context deadline exceeded (Client.Timeout exceeded while awaiting headers)
8m39s       Warning   Unhealthy                      pod/cpu-app-bcc7f4b9c-7wcgh       Readiness probe failed: Get "http://10.244.2.24:8080/healthz": context deadline exceeded (Client.Timeout exceeded while awaiting headers)
8m19s       Warning   Unhealthy                      pod/cpu-app-bcc7f4b9c-7xxrc       Readiness probe failed: Get "http://10.244.3.26:8080/healthz": context deadline exceeded (Client.Timeout exceeded while awaiting headers)
5m55s       Warning   Unhealthy                      pod/cpu-app-bcc7f4b9c-sf654       Readiness probe failed: Get "http://10.244.3.21:8080/healthz": context deadline exceeded (Client.Timeout exceeded while awaiting headers)
5m34s       Warning   Unhealthy                      pod/cpu-app-bcc7f4b9c-8skxj       Readiness probe failed: Get "http://10.244.3.20:8080/healthz": context deadline exceeded (Client.Timeout exceeded while awaiting headers)
5m24s       Warning   Unhealthy                      pod/cpu-app-bcc7f4b9c-gx24f       Readiness probe failed: Get "http://10.244.2.20:8080/healthz": context deadline exceeded (Client.Timeout exceeded while awaiting headers)
3m5s        Warning   Unhealthy                      pod/cpu-app-bcc7f4b9c-jcsfp       Readiness probe failed: Get "http://10.244.1.22:8080/healthz": context deadline exceeded (Client.Timeout exceeded while awaiting headers)
2m56s       Warning   Unhealthy                      pod/cpu-app-bcc7f4b9c-kwtfh       Readiness probe failed: Get "http://10.244.1.23:8080/healthz": context deadline exceeded (Client.Timeout exceeded while awaiting headers)
2m34s       Warning   Unhealthy                      pod/cpu-app-bcc7f4b9c-8n6pc       Readiness probe failed: Get "http://10.244.3.24:8080/healthz": context deadline exceeded (Client.Timeout exceeded while awaiting headers)
2m24s       Warning   Unhealthy                      pod/cpu-app-bcc7f4b9c-5phkh       Readiness probe failed: Get "http://10.244.2.25:8080/healthz": context deadline exceeded (Client.Timeout exceeded while awaiting headers)
2m19s       Warning   Unhealthy                      pod/cpu-app-bcc7f4b9c-w5274       Readiness probe failed: Get "http://10.244.3.23:8080/healthz": context deadline exceeded (Client.Timeout exceeded while awaiting headers)
2m14s       Warning   Unhealthy                      pod/cpu-app-bcc7f4b9c-bq65m       Readiness probe failed: Get "http://10.244.2.22:8080/healthz": context deadline exceeded (Client.Timeout exceeded while awaiting headers)
2m9s        Warning   Unhealthy                      pod/cpu-app-bcc7f4b9c-gjlnv       Readiness probe failed: Get "http://10.244.2.26:8080/healthz": context deadline exceeded (Client.Timeout exceeded while awaiting headers)
119s        Warning   Unhealthy                      pod/cpu-app-bcc7f4b9c-t8n6c       Readiness probe failed: Get "http://10.244.2.19:8080/healthz": context deadline exceeded (Client.Timeout exceeded while awaiting headers)
109s        Warning   Unhealthy                      pod/cpu-app-bcc7f4b9c-w8bhg       Readiness probe failed: Get "http://10.244.1.20:8080/healthz": context deadline exceeded (Client.Timeout exceeded while awaiting headers)
